#
# There is insufficient memory for the Java Runtime Environment to continue.
# Native memory allocation (malloc) failed to allocate 2301744 bytes for Chunk::new
# Possible reasons:
#   The system is out of physical RAM or swap space
#   The process is running with CompressedOops enabled, and the Java Heap may be blocking the growth of the native heap
# Possible solutions:
#   Reduce memory load on the system
#   Increase physical memory or swap space
#   Check if swap backing store is full
#   Decrease Java heap size (-Xmx/-Xms)
#   Decrease number of Java threads
#   Decrease Java thread stack sizes (-Xss)
#   Set larger code cache with -XX:ReservedCodeCacheSize=
#   JVM is running with Unscaled Compressed Oops mode in which the Java heap is
#     placed in the first 4GB address space. The Java Heap base address is the
#     maximum limit for the native heap growth. Please use -XX:HeapBaseMinAddress
#     to set the Java Heap base and to place the Java Heap above 4GB virtual address.
# This output file may be truncated or incomplete.
#
#  Out of Memory Error (arena.cpp:184), pid=3296, tid=10960
#
# JRE version: Java(TM) SE Runtime Environment (20.0.2+9) (build 20.0.2+9-78)
# Java VM: Java HotSpot(TM) 64-Bit Server VM (20.0.2+9-78, mixed mode, sharing, tiered, compressed oops, compressed class ptrs, g1 gc, windows-amd64)
# No core dump will be written. Minidumps are not enabled by default on client versions of Windows
#

---------------  S U M M A R Y ------------

Command Line: --add-opens=java.base/java.util=ALL-UNNAMED --add-opens=java.base/java.lang=ALL-UNNAMED --add-opens=java.base/java.lang.invoke=ALL-UNNAMED --add-opens=java.prefs/java.util.prefs=ALL-UNNAMED --add-opens=java.base/java.nio.charset=ALL-UNNAMED --add-opens=java.base/java.net=ALL-UNNAMED --add-opens=java.base/java.util.concurrent.atomic=ALL-UNNAMED -XX:MaxMetaspaceSize=384m -XX:+HeapDumpOnOutOfMemoryError -Xms256m -Xmx512m -Dfile.encoding=windows-1252 -Duser.country=BR -Duser.language=pt -Duser.variant -javaagent:C:\Users\levit\.gradle\wrapper\dists\gradle-8.3-bin\dxjbbhstwasg8cbags9q7cvli\gradle-8.3\lib\agents\gradle-instrumentation-agent-8.3.jar org.gradle.launcher.daemon.bootstrap.GradleDaemon 8.3

Host: 11th Gen Intel(R) Core(TM) i5-11300H @ 3.10GHz, 8 cores, 7G,  Windows 11 , 64 bit Build 22621 (10.0.22621.2428)
Time: Fri Oct 20 06:46:02 2023 Hora Padrão da Bahia elapsed time: 17.767284 seconds (0d 0h 0m 17s)

---------------  T H R E A D  ---------------

Current thread (0x000002197d80ebe0):  JavaThread "C2 CompilerThread0" daemon [_thread_in_native, id=10960, stack(0x00000076c4e00000,0x00000076c4f00000)]


Current CompileTask:
C2:  17767 8087 %     4       org.objectweb.asm.ClassReader::readCode @ 2238 (5117 bytes)

Stack: [0x00000076c4e00000,0x00000076c4f00000]
Native frames: (J=compiled Java code, j=interpreted, Vv=VM code, C=native code)
V  [jvm.dll+0x6bc25a]
V  [jvm.dll+0x84971a]
V  [jvm.dll+0x84b315]
V  [jvm.dll+0x84ba13]
V  [jvm.dll+0x280e4f]
V  [jvm.dll+0xc2ab1]
V  [jvm.dll+0xc2dd5]
V  [jvm.dll+0x3bb64c]
V  [jvm.dll+0x1e7109]
V  [jvm.dll+0x24b67b]
V  [jvm.dll+0x24a921]
V  [jvm.dll+0x1ce761]
V  [jvm.dll+0x25a0eb]
V  [jvm.dll+0x2587c0]
V  [jvm.dll+0x3f2dd5]
V  [jvm.dll+0x7f5c76]
V  [jvm.dll+0x6baecb]
C  [ucrtbase.dll+0x29363]
C  [KERNEL32.DLL+0x1257d]
C  [ntdll.dll+0x5aa78]


---------------  P R O C E S S  ---------------

Threads class SMR info:
_java_thread_list=0x00000219159907c0, length=40, elements={
0x000002195ed1d930, 0x000002197d800290, 0x000002197d800dd0, 0x000002197d8021e0,
0x000002197d805a30, 0x000002197d8065d0, 0x000002197d80c290, 0x000002197d80ebe0,
0x000002197d814a70, 0x000002197d918580, 0x000002197d917ae0, 0x000002197d917590,
0x000002197d917040, 0x000002197d919020, 0x000002197d918030, 0x000002197d915b00,
0x0000021914624ad0, 0x000002191461d5f0, 0x00000219146215b0, 0x0000021914623040,
0x000002191461db40, 0x00000219146205c0, 0x000002191461d0a0, 0x000002191461eb30,
0x00000219146225a0, 0x000002191461f080, 0x0000021914621b00, 0x0000021914622af0,
0x0000021914623590, 0x000002191461f5d0, 0x000002191461e090, 0x000002191461fb20,
0x000002191461e5e0, 0x0000021914623ae0, 0x0000021914624030, 0x0000021914620070,
0x0000021914624580, 0x0000021914620b10, 0x0000021914621060, 0x000002197e5afa50
}

Java Threads: ( => current thread )
  0x000002195ed1d930 JavaThread "main" [_thread_blocked, id=20908, stack(0x00000076c3d00000,0x00000076c3e00000)]
  0x000002197d800290 JavaThread "Reference Handler" daemon [_thread_blocked, id=12044, stack(0x00000076c4800000,0x00000076c4900000)]
  0x000002197d800dd0 JavaThread "Finalizer" daemon [_thread_blocked, id=20888, stack(0x00000076c4900000,0x00000076c4a00000)]
  0x000002197d8021e0 JavaThread "Signal Dispatcher" daemon [_thread_blocked, id=24252, stack(0x00000076c4a00000,0x00000076c4b00000)]
  0x000002197d805a30 JavaThread "Attach Listener" daemon [_thread_blocked, id=13468, stack(0x00000076c4b00000,0x00000076c4c00000)]
  0x000002197d8065d0 JavaThread "Service Thread" daemon [_thread_blocked, id=5940, stack(0x00000076c4c00000,0x00000076c4d00000)]
  0x000002197d80c290 JavaThread "Monitor Deflation Thread" daemon [_thread_blocked, id=14464, stack(0x00000076c4d00000,0x00000076c4e00000)]
=>0x000002197d80ebe0 JavaThread "C2 CompilerThread0" daemon [_thread_in_native, id=10960, stack(0x00000076c4e00000,0x00000076c4f00000)]
  0x000002197d814a70 JavaThread "C1 CompilerThread0" daemon [_thread_blocked, id=21364, stack(0x00000076c4f00000,0x00000076c5000000)]
  0x000002197d918580 JavaThread "Common-Cleaner" daemon [_thread_blocked, id=3336, stack(0x00000076c5000000,0x00000076c5100000)]
  0x000002197d917ae0 JavaThread "Notification Thread" daemon [_thread_blocked, id=22624, stack(0x00000076c5100000,0x00000076c5200000)]
  0x000002197d917590 JavaThread "Daemon health stats" [_thread_blocked, id=19328, stack(0x00000076c5900000,0x00000076c5a00000)]
  0x000002197d917040 JavaThread "Incoming local TCP Connector on port 61477" [_thread_in_native, id=22360, stack(0x00000076c5a00000,0x00000076c5b00000)]
  0x000002197d919020 JavaThread "Daemon periodic checks" [_thread_blocked, id=27296, stack(0x00000076c5b00000,0x00000076c5c00000)]
  0x000002197d918030 JavaThread "Daemon" [_thread_blocked, id=25760, stack(0x00000076c5c00000,0x00000076c5d00000)]
  0x000002197d915b00 JavaThread "Handler for socket connection from /127.0.0.1:61477 to /127.0.0.1:61478" [_thread_in_native, id=3784, stack(0x00000076c5d00000,0x00000076c5e00000)]
  0x0000021914624ad0 JavaThread "Cancel handler" [_thread_blocked, id=24376, stack(0x00000076c5e00000,0x00000076c5f00000)]
  0x000002191461d5f0 JavaThread "Daemon worker" [_thread_in_Java, id=15700, stack(0x00000076c5f00000,0x00000076c6000000)]
  0x00000219146215b0 JavaThread "Asynchronous log dispatcher for DefaultDaemonConnection: socket connection from /127.0.0.1:61477 to /127.0.0.1:61478" [_thread_blocked, id=23104, stack(0x00000076c6000000,0x00000076c6100000)]
  0x0000021914623040 JavaThread "Stdin handler" [_thread_blocked, id=7676, stack(0x00000076c6100000,0x00000076c6200000)]
  0x000002191461db40 JavaThread "Daemon client event forwarder" [_thread_blocked, id=21268, stack(0x00000076c6200000,0x00000076c6300000)]
  0x00000219146205c0 JavaThread "Cache worker for journal cache (C:\Users\levit\.gradle\caches\journal-1)" [_thread_blocked, id=8212, stack(0x00000076c6300000,0x00000076c6400000)]
  0x000002191461d0a0 JavaThread "File lock request listener" [_thread_in_native, id=25248, stack(0x00000076c6400000,0x00000076c6500000)]
  0x000002191461eb30 JavaThread "Cache worker for file hash cache (C:\Users\levit\.gradle\caches\8.3\fileHashes)" [_thread_blocked, id=25368, stack(0x00000076c6500000,0x00000076c6600000)]
  0x00000219146225a0 JavaThread "File watcher server" daemon [_thread_in_native, id=23308, stack(0x00000076c6900000,0x00000076c6a00000)]
  0x000002191461f080 JavaThread "File watcher consumer" daemon [_thread_blocked, id=26584, stack(0x00000076c6a00000,0x00000076c6b00000)]
  0x0000021914621b00 JavaThread "jar transforms" [_thread_blocked, id=7740, stack(0x00000076c5300000,0x00000076c5400000)]
  0x0000021914622af0 JavaThread "jar transforms Thread 2" [_thread_blocked, id=26428, stack(0x00000076c6b00000,0x00000076c6c00000)]
  0x0000021914623590 JavaThread "jar transforms Thread 3" [_thread_blocked, id=1424, stack(0x00000076c6c00000,0x00000076c6d00000)]
  0x000002191461f5d0 JavaThread "jar transforms Thread 4" [_thread_blocked, id=4308, stack(0x00000076c6d00000,0x00000076c6e00000)]
  0x000002191461e090 JavaThread "jar transforms Thread 5" [_thread_blocked, id=21880, stack(0x00000076c6e00000,0x00000076c6f00000)]
  0x000002191461fb20 JavaThread "jar transforms Thread 6" [_thread_blocked, id=8688, stack(0x00000076c6f00000,0x00000076c7000000)]
  0x000002191461e5e0 JavaThread "jar transforms Thread 7" [_thread_blocked, id=18256, stack(0x00000076c7000000,0x00000076c7100000)]
  0x0000021914623ae0 JavaThread "jar transforms Thread 8" [_thread_blocked, id=1828, stack(0x00000076c7100000,0x00000076c7200000)]
  0x0000021914624030 JavaThread "Cache worker for checksums cache (C:\Users\levit\Desktop\D-I-O\APIREST\Criando-e-Publicando-APIRest\my-first-APIRest\.gradle\8.3\checksums)" [_thread_blocked, id=15968, stack(0x00000076c7300000,0x00000076c7400000)]
  0x0000021914620070 JavaThread "Cache worker for file hash cache (C:\Users\levit\Desktop\D-I-O\APIREST\Criando-e-Publicando-APIRest\my-first-APIRest\.gradle\8.3\fileHashes)" [_thread_blocked, id=25044, stack(0x00000076c7400000,0x00000076c7500000)]
  0x0000021914624580 JavaThread "Cache worker for cache directory md-supplier (C:\Users\levit\.gradle\caches\8.3\md-supplier)" [_thread_blocked, id=15532, stack(0x00000076c7500000,0x00000076c7600000)]
  0x0000021914620b10 JavaThread "Cache worker for file content cache (C:\Users\levit\.gradle\caches\8.3\fileContent)" [_thread_blocked, id=22968, stack(0x00000076c7600000,0x00000076c7700000)]
  0x0000021914621060 JavaThread "Cache worker for cache directory md-rule (C:\Users\levit\.gradle\caches\8.3\md-rule)" [_thread_blocked, id=22896, stack(0x00000076c7700000,0x00000076c7800000)]
  0x000002197e5afa50 JavaThread "Cache worker for execution history cache (C:\Users\levit\.gradle\caches\8.3\executionHistory)" [_thread_blocked, id=21736, stack(0x00000076c7800000,0x00000076c7900000)]

Other Threads:
  0x0000021979679920 VMThread "VM Thread" [stack: 0x00000076c4700000,0x00000076c4800000] [id=12184]
  0x000002197da738e0 WatcherThread "VM Periodic Task Thread" [stack: 0x00000076c5200000,0x00000076c5300000] [id=15792]
  0x000002195ed50550 WorkerThread "GC Thread#0" [stack: 0x00000076c3e00000,0x00000076c3f00000] [id=9052]
  0x000002197dc9c950 WorkerThread "GC Thread#1" [stack: 0x00000076c5400000,0x00000076c5500000] [id=15064]
  0x000002197dc9cc20 WorkerThread "GC Thread#2" [stack: 0x00000076c5500000,0x00000076c5600000] [id=6544]
  0x000002197dc9cef0 WorkerThread "GC Thread#3" [stack: 0x00000076c5600000,0x00000076c5700000] [id=4148]
  0x000002197dbfd6a0 WorkerThread "GC Thread#4" [stack: 0x00000076c5700000,0x00000076c5800000] [id=23432]
  0x000002197dbfdf10 WorkerThread "GC Thread#5" [stack: 0x00000076c5800000,0x00000076c5900000] [id=25344]
  0x0000021916309330 WorkerThread "GC Thread#6" [stack: 0x00000076c6600000,0x00000076c6700000] [id=4932]
  0x0000021916308d90 WorkerThread "GC Thread#7" [stack: 0x00000076c6700000,0x00000076c6800000] [id=22668]
  0x000002195ed55370 ConcurrentGCThread "G1 Main Marker" [stack: 0x00000076c4300000,0x00000076c4400000] [id=12776]
  0x000002195ed55e50 WorkerThread "G1 Conc#0" [stack: 0x00000076c4400000,0x00000076c4500000] [id=2528]
  0x00000219163087f0 WorkerThread "G1 Conc#1" [stack: 0x00000076c6800000,0x00000076c6900000] [id=20008]
  0x0000021979534960 ConcurrentGCThread "G1 Refine#0" [stack: 0x00000076c4500000,0x00000076c4600000] [id=2320]
  0x000002195c345bd0 ConcurrentGCThread "G1 Service" [stack: 0x00000076c4600000,0x00000076c4700000] [id=14248]

Threads with active compile tasks:
C2 CompilerThread0    17794 8087 %     4       org.objectweb.asm.ClassReader::readCode @ 2238 (5117 bytes)

VM state: not at safepoint (normal execution)

VM Mutex/Monitor currently owned by a thread: None

Heap address: 0x00000000e0000000, size: 512 MB, Compressed Oops mode: 32-bit

CDS archive(s) mapped at: [0x0000021900000000-0x0000021900c60000-0x0000021900c60000), size 12976128, SharedBaseAddress: 0x0000021900000000, ArchiveRelocationMode: 1.
Compressed class space mapped at: 0x0000021901000000-0x0000021914400000, reserved size: 322961408
Narrow klass base: 0x0000021900000000, Narrow klass shift: 0, Narrow klass range: 0x100000000

GC Precious Log:
 CardTable entry size: 512
 Card Set container configuration: InlinePtr #cards 5 size 8 Array Of Cards #cards 12 size 40 Howl #buckets 4 coarsen threshold 1843 Howl Bitmap #cards 512 size 80 coarsen threshold 460 Card regions per heap region 1 cards per card region 2048
 CPUs: 8 total, 8 available
 Memory: 7975M
 Large Page Support: Disabled
 NUMA Support: Disabled
 Compressed Oops: Enabled (32-bit)
 Heap Region Size: 1M
 Heap Min Capacity: 256M
 Heap Initial Capacity: 256M
 Heap Max Capacity: 512M
 Pre-touch: Disabled
 Parallel Workers: 8
 Concurrent Workers: 2
 Concurrent Refinement Workers: 8
 Periodic GC: Disabled

Heap:
 garbage-first heap   total 262144K, used 192262K [0x00000000e0000000, 0x0000000100000000)
  region size 1024K, 132 young (135168K), 5 survivors (5120K)
 Metaspace       used 49335K, committed 50816K, reserved 380928K
  class space    used 6645K, committed 7360K, reserved 315392K

Heap Regions: E=young(eden), S=young(survivor), O=old, HS=humongous(starts), HC=humongous(continues), CS=collection set, F=free, OA=open archive, CA=closed archive, TAMS=top-at-mark-start, PB=parsable bottom
|   0|0x00000000e0000000, 0x00000000e0100000, 0x00000000e0100000|100%|HS|  |TAMS 0x00000000e0000000| PB 0x00000000e0000000| Complete 
|   1|0x00000000e0100000, 0x00000000e0200000, 0x00000000e0200000|100%|HC|  |TAMS 0x00000000e0100000| PB 0x00000000e0100000| Complete 
|   2|0x00000000e0200000, 0x00000000e0300000, 0x00000000e0300000|100%|HC|  |TAMS 0x00000000e0200000| PB 0x00000000e0200000| Complete 
|   3|0x00000000e0300000, 0x00000000e0400000, 0x00000000e0400000|100%|HC|  |TAMS 0x00000000e0300000| PB 0x00000000e0300000| Complete 
|   4|0x00000000e0400000, 0x00000000e0500000, 0x00000000e0500000|100%| O|  |TAMS 0x00000000e0400000| PB 0x00000000e0400000| Untracked 
|   5|0x00000000e0500000, 0x00000000e0600000, 0x00000000e0600000|100%| O|  |TAMS 0x00000000e0500000| PB 0x00000000e0500000| Untracked 
|   6|0x00000000e0600000, 0x00000000e0700000, 0x00000000e0700000|100%| O|  |TAMS 0x00000000e0600000| PB 0x00000000e0600000| Untracked 
|   7|0x00000000e0700000, 0x00000000e0800000, 0x00000000e0800000|100%| O|  |TAMS 0x00000000e0700000| PB 0x00000000e0700000| Untracked 
|   8|0x00000000e0800000, 0x00000000e0900000, 0x00000000e0900000|100%| O|  |TAMS 0x00000000e0800000| PB 0x00000000e0800000| Untracked 
|   9|0x00000000e0900000, 0x00000000e0a00000, 0x00000000e0a00000|100%| O|  |TAMS 0x00000000e0900000| PB 0x00000000e0900000| Untracked 
|  10|0x00000000e0a00000, 0x00000000e0b00000, 0x00000000e0b00000|100%| O|  |TAMS 0x00000000e0a00000| PB 0x00000000e0a00000| Untracked 
|  11|0x00000000e0b00000, 0x00000000e0c00000, 0x00000000e0c00000|100%| O|  |TAMS 0x00000000e0b00000| PB 0x00000000e0b00000| Untracked 
|  12|0x00000000e0c00000, 0x00000000e0d00000, 0x00000000e0d00000|100%|HS|  |TAMS 0x00000000e0c00000| PB 0x00000000e0c00000| Complete 
|  13|0x00000000e0d00000, 0x00000000e0e00000, 0x00000000e0e00000|100%|HC|  |TAMS 0x00000000e0d00000| PB 0x00000000e0d00000| Complete 
|  14|0x00000000e0e00000, 0x00000000e0f00000, 0x00000000e0f00000|100%|HS|  |TAMS 0x00000000e0e00000| PB 0x00000000e0e00000| Complete 
|  15|0x00000000e0f00000, 0x00000000e1000000, 0x00000000e1000000|100%|HC|  |TAMS 0x00000000e0f00000| PB 0x00000000e0f00000| Complete 
|  16|0x00000000e1000000, 0x00000000e1100000, 0x00000000e1100000|100%|HC|  |TAMS 0x00000000e1000000| PB 0x00000000e1000000| Complete 
|  17|0x00000000e1100000, 0x00000000e1200000, 0x00000000e1200000|100%|HS|  |TAMS 0x00000000e1100000| PB 0x00000000e1100000| Complete 
|  18|0x00000000e1200000, 0x00000000e1300000, 0x00000000e1300000|100%|HC|  |TAMS 0x00000000e1200000| PB 0x00000000e1200000| Complete 
|  19|0x00000000e1300000, 0x00000000e1400000, 0x00000000e1400000|100%|HC|  |TAMS 0x00000000e1300000| PB 0x00000000e1300000| Complete 
|  20|0x00000000e1400000, 0x00000000e1500000, 0x00000000e1500000|100%|HS|  |TAMS 0x00000000e1400000| PB 0x00000000e1400000| Complete 
|  21|0x00000000e1500000, 0x00000000e1600000, 0x00000000e1600000|100%|HC|  |TAMS 0x00000000e1500000| PB 0x00000000e1500000| Complete 
|  22|0x00000000e1600000, 0x00000000e1700000, 0x00000000e1700000|100%|HC|  |TAMS 0x00000000e1600000| PB 0x00000000e1600000| Complete 
|  23|0x00000000e1700000, 0x00000000e1800000, 0x00000000e1800000|100%| O|  |TAMS 0x00000000e1700000| PB 0x00000000e1700000| Untracked 
|  24|0x00000000e1800000, 0x00000000e1900000, 0x00000000e1900000|100%| O|  |TAMS 0x00000000e1800000| PB 0x00000000e1800000| Untracked 
|  25|0x00000000e1900000, 0x00000000e1a00000, 0x00000000e1a00000|100%| O|  |TAMS 0x00000000e1900000| PB 0x00000000e1900000| Untracked 
|  26|0x00000000e1a00000, 0x00000000e1b00000, 0x00000000e1b00000|100%| O|  |TAMS 0x00000000e1a00000| PB 0x00000000e1a00000| Untracked 
|  27|0x00000000e1b00000, 0x00000000e1c00000, 0x00000000e1c00000|100%| O|  |TAMS 0x00000000e1b00000| PB 0x00000000e1b00000| Untracked 
|  28|0x00000000e1c00000, 0x00000000e1d00000, 0x00000000e1d00000|100%| O|  |TAMS 0x00000000e1c00000| PB 0x00000000e1c00000| Untracked 
|  29|0x00000000e1d00000, 0x00000000e1e00000, 0x00000000e1e00000|100%| O|  |TAMS 0x00000000e1d00000| PB 0x00000000e1d00000| Untracked 
|  30|0x00000000e1e00000, 0x00000000e1f00000, 0x00000000e1f00000|100%| O|  |TAMS 0x00000000e1e00000| PB 0x00000000e1e00000| Untracked 
|  31|0x00000000e1f00000, 0x00000000e2000000, 0x00000000e2000000|100%| O|  |TAMS 0x00000000e1f00000| PB 0x00000000e1f00000| Untracked 
|  32|0x00000000e2000000, 0x00000000e2100000, 0x00000000e2100000|100%| O|  |TAMS 0x00000000e2000000| PB 0x00000000e2000000| Untracked 
|  33|0x00000000e2100000, 0x00000000e2200000, 0x00000000e2200000|100%| O|  |TAMS 0x00000000e2100000| PB 0x00000000e2100000| Untracked 
|  34|0x00000000e2200000, 0x00000000e2300000, 0x00000000e2300000|100%| O|  |TAMS 0x00000000e2200000| PB 0x00000000e2200000| Untracked 
|  35|0x00000000e2300000, 0x00000000e2400000, 0x00000000e2400000|100%| O|  |TAMS 0x00000000e2300000| PB 0x00000000e2300000| Untracked 
|  36|0x00000000e2400000, 0x00000000e2500000, 0x00000000e2500000|100%| O|  |TAMS 0x00000000e2400000| PB 0x00000000e2400000| Untracked 
|  37|0x00000000e2500000, 0x00000000e2600000, 0x00000000e2600000|100%| O|  |TAMS 0x00000000e2500000| PB 0x00000000e2500000| Untracked 
|  38|0x00000000e2600000, 0x00000000e2700000, 0x00000000e2700000|100%|HS|  |TAMS 0x00000000e2600000| PB 0x00000000e2600000| Complete 
|  39|0x00000000e2700000, 0x00000000e2800000, 0x00000000e2800000|100%|HC|  |TAMS 0x00000000e2700000| PB 0x00000000e2700000| Complete 
|  40|0x00000000e2800000, 0x00000000e2900000, 0x00000000e2900000|100%|HC|  |TAMS 0x00000000e2800000| PB 0x00000000e2800000| Complete 
|  41|0x00000000e2900000, 0x00000000e2a00000, 0x00000000e2a00000|100%| O|  |TAMS 0x00000000e2900000| PB 0x00000000e2900000| Untracked 
|  42|0x00000000e2a00000, 0x00000000e2b00000, 0x00000000e2b00000|100%| O|  |TAMS 0x00000000e2a00000| PB 0x00000000e2a00000| Untracked 
|  43|0x00000000e2b00000, 0x00000000e2c00000, 0x00000000e2c00000|100%| O|  |TAMS 0x00000000e2b00000| PB 0x00000000e2b00000| Untracked 
|  44|0x00000000e2c00000, 0x00000000e2d00000, 0x00000000e2d00000|100%| O|  |TAMS 0x00000000e2c00000| PB 0x00000000e2c00000| Untracked 
|  45|0x00000000e2d00000, 0x00000000e2e00000, 0x00000000e2e00000|100%| O|  |TAMS 0x00000000e2d00000| PB 0x00000000e2d00000| Untracked 
|  46|0x00000000e2e00000, 0x00000000e2f00000, 0x00000000e2f00000|100%| O|  |TAMS 0x00000000e2e00000| PB 0x00000000e2e00000| Untracked 
|  47|0x00000000e2f00000, 0x00000000e3000000, 0x00000000e3000000|100%| O|  |TAMS 0x00000000e2f00000| PB 0x00000000e2f00000| Untracked 
|  48|0x00000000e3000000, 0x00000000e3100000, 0x00000000e3100000|100%| O|  |TAMS 0x00000000e3000000| PB 0x00000000e3000000| Untracked 
|  49|0x00000000e3100000, 0x00000000e3200000, 0x00000000e3200000|100%| O|  |TAMS 0x00000000e3100000| PB 0x00000000e3100000| Untracked 
|  50|0x00000000e3200000, 0x00000000e3300000, 0x00000000e3300000|100%| O|  |TAMS 0x00000000e3200000| PB 0x00000000e3200000| Untracked 
|  51|0x00000000e3300000, 0x00000000e3400000, 0x00000000e3400000|100%| O|  |TAMS 0x00000000e3300000| PB 0x00000000e3300000| Untracked 
|  52|0x00000000e3400000, 0x00000000e3500000, 0x00000000e3500000|100%| O|  |TAMS 0x00000000e3400000| PB 0x00000000e3400000| Untracked 
|  53|0x00000000e3500000, 0x00000000e3600000, 0x00000000e3600000|100%| O|  |TAMS 0x00000000e3500000| PB 0x00000000e3500000| Untracked 
|  54|0x00000000e3600000, 0x00000000e3700000, 0x00000000e3700000|100%| O|  |TAMS 0x00000000e3600000| PB 0x00000000e3600000| Untracked 
|  55|0x00000000e3700000, 0x00000000e3800000, 0x00000000e3800000|100%| O|  |TAMS 0x00000000e3700000| PB 0x00000000e3700000| Untracked 
|  56|0x00000000e3800000, 0x00000000e3847800, 0x00000000e3900000| 27%| O|  |TAMS 0x00000000e3800000| PB 0x00000000e3800000| Untracked 
|  57|0x00000000e3900000, 0x00000000e3a00000, 0x00000000e3a00000|100%|HS|  |TAMS 0x00000000e3900000| PB 0x00000000e3900000| Complete 
|  58|0x00000000e3a00000, 0x00000000e3b00000, 0x00000000e3b00000|100%|HS|  |TAMS 0x00000000e3a00000| PB 0x00000000e3a00000| Complete 
|  59|0x00000000e3b00000, 0x00000000e3b00000, 0x00000000e3c00000|  0%| F|  |TAMS 0x00000000e3b00000| PB 0x00000000e3b00000| Untracked 
|  60|0x00000000e3c00000, 0x00000000e3c00000, 0x00000000e3d00000|  0%| F|  |TAMS 0x00000000e3c00000| PB 0x00000000e3c00000| Untracked 
|  61|0x00000000e3d00000, 0x00000000e3d00000, 0x00000000e3e00000|  0%| F|  |TAMS 0x00000000e3d00000| PB 0x00000000e3d00000| Untracked 
|  62|0x00000000e3e00000, 0x00000000e3e00000, 0x00000000e3f00000|  0%| F|  |TAMS 0x00000000e3e00000| PB 0x00000000e3e00000| Untracked 
|  63|0x00000000e3f00000, 0x00000000e3f00000, 0x00000000e4000000|  0%| F|  |TAMS 0x00000000e3f00000| PB 0x00000000e3f00000| Untracked 
|  64|0x00000000e4000000, 0x00000000e4000000, 0x00000000e4100000|  0%| F|  |TAMS 0x00000000e4000000| PB 0x00000000e4000000| Untracked 
|  65|0x00000000e4100000, 0x00000000e4100000, 0x00000000e4200000|  0%| F|  |TAMS 0x00000000e4100000| PB 0x00000000e4100000| Untracked 
|  66|0x00000000e4200000, 0x00000000e4200000, 0x00000000e4300000|  0%| F|  |TAMS 0x00000000e4200000| PB 0x00000000e4200000| Untracked 
|  67|0x00000000e4300000, 0x00000000e4300000, 0x00000000e4400000|  0%| F|  |TAMS 0x00000000e4300000| PB 0x00000000e4300000| Untracked 
|  68|0x00000000e4400000, 0x00000000e4400000, 0x00000000e4500000|  0%| F|  |TAMS 0x00000000e4400000| PB 0x00000000e4400000| Untracked 
|  69|0x00000000e4500000, 0x00000000e4500000, 0x00000000e4600000|  0%| F|  |TAMS 0x00000000e4500000| PB 0x00000000e4500000| Untracked 
|  70|0x00000000e4600000, 0x00000000e4600000, 0x00000000e4700000|  0%| F|  |TAMS 0x00000000e4600000| PB 0x00000000e4600000| Untracked 
|  71|0x00000000e4700000, 0x00000000e4700000, 0x00000000e4800000|  0%| F|  |TAMS 0x00000000e4700000| PB 0x00000000e4700000| Untracked 
|  72|0x00000000e4800000, 0x00000000e4800000, 0x00000000e4900000|  0%| F|  |TAMS 0x00000000e4800000| PB 0x00000000e4800000| Untracked 
|  73|0x00000000e4900000, 0x00000000e4900000, 0x00000000e4a00000|  0%| F|  |TAMS 0x00000000e4900000| PB 0x00000000e4900000| Untracked 
|  74|0x00000000e4a00000, 0x00000000e4a00000, 0x00000000e4b00000|  0%| F|  |TAMS 0x00000000e4a00000| PB 0x00000000e4a00000| Untracked 
|  75|0x00000000e4b00000, 0x00000000e4b00000, 0x00000000e4c00000|  0%| F|  |TAMS 0x00000000e4b00000| PB 0x00000000e4b00000| Untracked 
|  76|0x00000000e4c00000, 0x00000000e4c00000, 0x00000000e4d00000|  0%| F|  |TAMS 0x00000000e4c00000| PB 0x00000000e4c00000| Untracked 
|  77|0x00000000e4d00000, 0x00000000e4d00000, 0x00000000e4e00000|  0%| F|  |TAMS 0x00000000e4d00000| PB 0x00000000e4d00000| Untracked 
|  78|0x00000000e4e00000, 0x00000000e4e00000, 0x00000000e4f00000|  0%| F|  |TAMS 0x00000000e4e00000| PB 0x00000000e4e00000| Untracked 
|  79|0x00000000e4f00000, 0x00000000e4f00000, 0x00000000e5000000|  0%| F|  |TAMS 0x00000000e4f00000| PB 0x00000000e4f00000| Untracked 
|  80|0x00000000e5000000, 0x00000000e5000000, 0x00000000e5100000|  0%| F|  |TAMS 0x00000000e5000000| PB 0x00000000e5000000| Untracked 
|  81|0x00000000e5100000, 0x00000000e5100000, 0x00000000e5200000|  0%| F|  |TAMS 0x00000000e5100000| PB 0x00000000e5100000| Untracked 
|  82|0x00000000e5200000, 0x00000000e5200000, 0x00000000e5300000|  0%| F|  |TAMS 0x00000000e5200000| PB 0x00000000e5200000| Untracked 
|  83|0x00000000e5300000, 0x00000000e5300000, 0x00000000e5400000|  0%| F|  |TAMS 0x00000000e5300000| PB 0x00000000e5300000| Untracked 
|  84|0x00000000e5400000, 0x00000000e5400000, 0x00000000e5500000|  0%| F|  |TAMS 0x00000000e5400000| PB 0x00000000e5400000| Untracked 
|  85|0x00000000e5500000, 0x00000000e5500000, 0x00000000e5600000|  0%| F|  |TAMS 0x00000000e5500000| PB 0x00000000e5500000| Untracked 
|  86|0x00000000e5600000, 0x00000000e5600000, 0x00000000e5700000|  0%| F|  |TAMS 0x00000000e5600000| PB 0x00000000e5600000| Untracked 
|  87|0x00000000e5700000, 0x00000000e5700000, 0x00000000e5800000|  0%| F|  |TAMS 0x00000000e5700000| PB 0x00000000e5700000| Untracked 
|  88|0x00000000e5800000, 0x00000000e5800000, 0x00000000e5900000|  0%| F|  |TAMS 0x00000000e5800000| PB 0x00000000e5800000| Untracked 
|  89|0x00000000e5900000, 0x00000000e5900000, 0x00000000e5a00000|  0%| F|  |TAMS 0x00000000e5900000| PB 0x00000000e5900000| Untracked 
|  90|0x00000000e5a00000, 0x00000000e5a00000, 0x00000000e5b00000|  0%| F|  |TAMS 0x00000000e5a00000| PB 0x00000000e5a00000| Untracked 
|  91|0x00000000e5b00000, 0x00000000e5b00000, 0x00000000e5c00000|  0%| F|  |TAMS 0x00000000e5b00000| PB 0x00000000e5b00000| Untracked 
|  92|0x00000000e5c00000, 0x00000000e5c00000, 0x00000000e5d00000|  0%| F|  |TAMS 0x00000000e5c00000| PB 0x00000000e5c00000| Untracked 
|  93|0x00000000e5d00000, 0x00000000e5d00000, 0x00000000e5e00000|  0%| F|  |TAMS 0x00000000e5d00000| PB 0x00000000e5d00000| Untracked 
|  94|0x00000000e5e00000, 0x00000000e5e00000, 0x00000000e5f00000|  0%| F|  |TAMS 0x00000000e5e00000| PB 0x00000000e5e00000| Untracked 
|  95|0x00000000e5f00000, 0x00000000e5f00000, 0x00000000e6000000|  0%| F|  |TAMS 0x00000000e5f00000| PB 0x00000000e5f00000| Untracked 
|  96|0x00000000e6000000, 0x00000000e6000000, 0x00000000e6100000|  0%| F|  |TAMS 0x00000000e6000000| PB 0x00000000e6000000| Untracked 
|  97|0x00000000e6100000, 0x00000000e6100000, 0x00000000e6200000|  0%| F|  |TAMS 0x00000000e6100000| PB 0x00000000e6100000| Untracked 
|  98|0x00000000e6200000, 0x00000000e627a370, 0x00000000e6300000| 47%| S|CS|TAMS 0x00000000e6200000| PB 0x00000000e6200000| Complete 
|  99|0x00000000e6300000, 0x00000000e6400000, 0x00000000e6400000|100%| S|CS|TAMS 0x00000000e6300000| PB 0x00000000e6300000| Complete 
| 100|0x00000000e6400000, 0x00000000e6500000, 0x00000000e6500000|100%| S|CS|TAMS 0x00000000e6400000| PB 0x00000000e6400000| Complete 
| 101|0x00000000e6500000, 0x00000000e6600000, 0x00000000e6600000|100%| S|CS|TAMS 0x00000000e6500000| PB 0x00000000e6500000| Complete 
| 102|0x00000000e6600000, 0x00000000e6700000, 0x00000000e6700000|100%| S|CS|TAMS 0x00000000e6600000| PB 0x00000000e6600000| Complete 
| 103|0x00000000e6700000, 0x00000000e6700000, 0x00000000e6800000|  0%| F|  |TAMS 0x00000000e6700000| PB 0x00000000e6700000| Untracked 
| 104|0x00000000e6800000, 0x00000000e6800000, 0x00000000e6900000|  0%| F|  |TAMS 0x00000000e6800000| PB 0x00000000e6800000| Untracked 
| 105|0x00000000e6900000, 0x00000000e6900000, 0x00000000e6a00000|  0%| F|  |TAMS 0x00000000e6900000| PB 0x00000000e6900000| Untracked 
| 106|0x00000000e6a00000, 0x00000000e6a00000, 0x00000000e6b00000|  0%| F|  |TAMS 0x00000000e6a00000| PB 0x00000000e6a00000| Untracked 
| 107|0x00000000e6b00000, 0x00000000e6b00000, 0x00000000e6c00000|  0%| F|  |TAMS 0x00000000e6b00000| PB 0x00000000e6b00000| Untracked 
| 108|0x00000000e6c00000, 0x00000000e6c00000, 0x00000000e6d00000|  0%| F|  |TAMS 0x00000000e6c00000| PB 0x00000000e6c00000| Untracked 
| 109|0x00000000e6d00000, 0x00000000e6d00000, 0x00000000e6e00000|  0%| F|  |TAMS 0x00000000e6d00000| PB 0x00000000e6d00000| Untracked 
| 110|0x00000000e6e00000, 0x00000000e6e00000, 0x00000000e6f00000|  0%| F|  |TAMS 0x00000000e6e00000| PB 0x00000000e6e00000| Untracked 
| 111|0x00000000e6f00000, 0x00000000e6f00000, 0x00000000e7000000|  0%| F|  |TAMS 0x00000000e6f00000| PB 0x00000000e6f00000| Untracked 
| 112|0x00000000e7000000, 0x00000000e7000000, 0x00000000e7100000|  0%| F|  |TAMS 0x00000000e7000000| PB 0x00000000e7000000| Untracked 
| 113|0x00000000e7100000, 0x00000000e7100000, 0x00000000e7200000|  0%| F|  |TAMS 0x00000000e7100000| PB 0x00000000e7100000| Untracked 
| 114|0x00000000e7200000, 0x00000000e7200000, 0x00000000e7300000|  0%| F|  |TAMS 0x00000000e7200000| PB 0x00000000e7200000| Untracked 
| 115|0x00000000e7300000, 0x00000000e7300000, 0x00000000e7400000|  0%| F|  |TAMS 0x00000000e7300000| PB 0x00000000e7300000| Untracked 
| 116|0x00000000e7400000, 0x00000000e7400000, 0x00000000e7500000|  0%| F|  |TAMS 0x00000000e7400000| PB 0x00000000e7400000| Untracked 
| 117|0x00000000e7500000, 0x00000000e7500000, 0x00000000e7600000|  0%| F|  |TAMS 0x00000000e7500000| PB 0x00000000e7500000| Untracked 
| 118|0x00000000e7600000, 0x00000000e7600000, 0x00000000e7700000|  0%| F|  |TAMS 0x00000000e7600000| PB 0x00000000e7600000| Untracked 
| 119|0x00000000e7700000, 0x00000000e7700000, 0x00000000e7800000|  0%| F|  |TAMS 0x00000000e7700000| PB 0x00000000e7700000| Untracked 
| 120|0x00000000e7800000, 0x00000000e7800000, 0x00000000e7900000|  0%| F|  |TAMS 0x00000000e7800000| PB 0x00000000e7800000| Untracked 
| 121|0x00000000e7900000, 0x00000000e7900000, 0x00000000e7a00000|  0%| F|  |TAMS 0x00000000e7900000| PB 0x00000000e7900000| Untracked 
| 122|0x00000000e7a00000, 0x00000000e7a00000, 0x00000000e7b00000|  0%| F|  |TAMS 0x00000000e7a00000| PB 0x00000000e7a00000| Untracked 
| 123|0x00000000e7b00000, 0x00000000e7b00000, 0x00000000e7c00000|  0%| F|  |TAMS 0x00000000e7b00000| PB 0x00000000e7b00000| Untracked 
| 124|0x00000000e7c00000, 0x00000000e7c00000, 0x00000000e7d00000|  0%| F|  |TAMS 0x00000000e7c00000| PB 0x00000000e7c00000| Untracked 
| 125|0x00000000e7d00000, 0x00000000e7d00000, 0x00000000e7e00000|  0%| F|  |TAMS 0x00000000e7d00000| PB 0x00000000e7d00000| Untracked 
| 126|0x00000000e7e00000, 0x00000000e7e00000, 0x00000000e7f00000|  0%| F|  |TAMS 0x00000000e7e00000| PB 0x00000000e7e00000| Untracked 
| 127|0x00000000e7f00000, 0x00000000e7f00000, 0x00000000e8000000|  0%| F|  |TAMS 0x00000000e7f00000| PB 0x00000000e7f00000| Untracked 
| 128|0x00000000e8000000, 0x00000000e8000000, 0x00000000e8100000|  0%| F|  |TAMS 0x00000000e8000000| PB 0x00000000e8000000| Untracked 
| 129|0x00000000e8100000, 0x00000000e8200000, 0x00000000e8200000|100%| E|  |TAMS 0x00000000e8100000| PB 0x00000000e8100000| Complete 
| 130|0x00000000e8200000, 0x00000000e8300000, 0x00000000e8300000|100%| E|CS|TAMS 0x00000000e8200000| PB 0x00000000e8200000| Complete 
| 131|0x00000000e8300000, 0x00000000e8400000, 0x00000000e8400000|100%| E|CS|TAMS 0x00000000e8300000| PB 0x00000000e8300000| Complete 
| 132|0x00000000e8400000, 0x00000000e8500000, 0x00000000e8500000|100%| E|CS|TAMS 0x00000000e8400000| PB 0x00000000e8400000| Complete 
| 133|0x00000000e8500000, 0x00000000e8600000, 0x00000000e8600000|100%| E|CS|TAMS 0x00000000e8500000| PB 0x00000000e8500000| Complete 
| 134|0x00000000e8600000, 0x00000000e8700000, 0x00000000e8700000|100%| E|CS|TAMS 0x00000000e8600000| PB 0x00000000e8600000| Complete 
| 135|0x00000000e8700000, 0x00000000e8800000, 0x00000000e8800000|100%| E|CS|TAMS 0x00000000e8700000| PB 0x00000000e8700000| Complete 
| 136|0x00000000e8800000, 0x00000000e8900000, 0x00000000e8900000|100%| E|CS|TAMS 0x00000000e8800000| PB 0x00000000e8800000| Complete 
| 137|0x00000000e8900000, 0x00000000e8a00000, 0x00000000e8a00000|100%| E|CS|TAMS 0x00000000e8900000| PB 0x00000000e8900000| Complete 
| 138|0x00000000e8a00000, 0x00000000e8b00000, 0x00000000e8b00000|100%| E|  |TAMS 0x00000000e8a00000| PB 0x00000000e8a00000| Complete 
| 139|0x00000000e8b00000, 0x00000000e8c00000, 0x00000000e8c00000|100%| E|CS|TAMS 0x00000000e8b00000| PB 0x00000000e8b00000| Complete 
| 140|0x00000000e8c00000, 0x00000000e8d00000, 0x00000000e8d00000|100%| E|CS|TAMS 0x00000000e8c00000| PB 0x00000000e8c00000| Complete 
| 141|0x00000000e8d00000, 0x00000000e8e00000, 0x00000000e8e00000|100%| E|CS|TAMS 0x00000000e8d00000| PB 0x00000000e8d00000| Complete 
| 142|0x00000000e8e00000, 0x00000000e8f00000, 0x00000000e8f00000|100%| E|CS|TAMS 0x00000000e8e00000| PB 0x00000000e8e00000| Complete 
| 143|0x00000000e8f00000, 0x00000000e9000000, 0x00000000e9000000|100%| E|CS|TAMS 0x00000000e8f00000| PB 0x00000000e8f00000| Complete 
| 144|0x00000000e9000000, 0x00000000e9100000, 0x00000000e9100000|100%| E|CS|TAMS 0x00000000e9000000| PB 0x00000000e9000000| Complete 
| 145|0x00000000e9100000, 0x00000000e9200000, 0x00000000e9200000|100%| E|CS|TAMS 0x00000000e9100000| PB 0x00000000e9100000| Complete 
| 146|0x00000000e9200000, 0x00000000e9300000, 0x00000000e9300000|100%| E|CS|TAMS 0x00000000e9200000| PB 0x00000000e9200000| Complete 
| 147|0x00000000e9300000, 0x00000000e9400000, 0x00000000e9400000|100%| E|CS|TAMS 0x00000000e9300000| PB 0x00000000e9300000| Complete 
| 148|0x00000000e9400000, 0x00000000e9500000, 0x00000000e9500000|100%| E|CS|TAMS 0x00000000e9400000| PB 0x00000000e9400000| Complete 
| 149|0x00000000e9500000, 0x00000000e9600000, 0x00000000e9600000|100%| E|CS|TAMS 0x00000000e9500000| PB 0x00000000e9500000| Complete 
| 150|0x00000000e9600000, 0x00000000e9700000, 0x00000000e9700000|100%| E|CS|TAMS 0x00000000e9600000| PB 0x00000000e9600000| Complete 
| 151|0x00000000e9700000, 0x00000000e9800000, 0x00000000e9800000|100%| E|CS|TAMS 0x00000000e9700000| PB 0x00000000e9700000| Complete 
| 152|0x00000000e9800000, 0x00000000e9900000, 0x00000000e9900000|100%| E|CS|TAMS 0x00000000e9800000| PB 0x00000000e9800000| Complete 
| 153|0x00000000e9900000, 0x00000000e9a00000, 0x00000000e9a00000|100%| E|CS|TAMS 0x00000000e9900000| PB 0x00000000e9900000| Complete 
| 154|0x00000000e9a00000, 0x00000000e9b00000, 0x00000000e9b00000|100%| E|CS|TAMS 0x00000000e9a00000| PB 0x00000000e9a00000| Complete 
| 155|0x00000000e9b00000, 0x00000000e9c00000, 0x00000000e9c00000|100%| E|CS|TAMS 0x00000000e9b00000| PB 0x00000000e9b00000| Complete 
| 156|0x00000000e9c00000, 0x00000000e9d00000, 0x00000000e9d00000|100%| E|CS|TAMS 0x00000000e9c00000| PB 0x00000000e9c00000| Complete 
| 157|0x00000000e9d00000, 0x00000000e9e00000, 0x00000000e9e00000|100%| E|CS|TAMS 0x00000000e9d00000| PB 0x00000000e9d00000| Complete 
| 158|0x00000000e9e00000, 0x00000000e9f00000, 0x00000000e9f00000|100%| E|CS|TAMS 0x00000000e9e00000| PB 0x00000000e9e00000| Complete 
| 159|0x00000000e9f00000, 0x00000000ea000000, 0x00000000ea000000|100%| E|CS|TAMS 0x00000000e9f00000| PB 0x00000000e9f00000| Complete 
| 160|0x00000000ea000000, 0x00000000ea100000, 0x00000000ea100000|100%| E|CS|TAMS 0x00000000ea000000| PB 0x00000000ea000000| Complete 
| 161|0x00000000ea100000, 0x00000000ea200000, 0x00000000ea200000|100%| E|CS|TAMS 0x00000000ea100000| PB 0x00000000ea100000| Complete 
| 162|0x00000000ea200000, 0x00000000ea300000, 0x00000000ea300000|100%| E|CS|TAMS 0x00000000ea200000| PB 0x00000000ea200000| Complete 
| 163|0x00000000ea300000, 0x00000000ea400000, 0x00000000ea400000|100%| E|CS|TAMS 0x00000000ea300000| PB 0x00000000ea300000| Complete 
| 164|0x00000000ea400000, 0x00000000ea500000, 0x00000000ea500000|100%| E|CS|TAMS 0x00000000ea400000| PB 0x00000000ea400000| Complete 
| 165|0x00000000ea500000, 0x00000000ea600000, 0x00000000ea600000|100%| E|CS|TAMS 0x00000000ea500000| PB 0x00000000ea500000| Complete 
| 166|0x00000000ea600000, 0x00000000ea700000, 0x00000000ea700000|100%| E|CS|TAMS 0x00000000ea600000| PB 0x00000000ea600000| Complete 
| 167|0x00000000ea700000, 0x00000000ea800000, 0x00000000ea800000|100%| E|CS|TAMS 0x00000000ea700000| PB 0x00000000ea700000| Complete 
| 168|0x00000000ea800000, 0x00000000ea900000, 0x00000000ea900000|100%| E|CS|TAMS 0x00000000ea800000| PB 0x00000000ea800000| Complete 
| 169|0x00000000ea900000, 0x00000000eaa00000, 0x00000000eaa00000|100%| E|CS|TAMS 0x00000000ea900000| PB 0x00000000ea900000| Complete 
| 170|0x00000000eaa00000, 0x00000000eab00000, 0x00000000eab00000|100%| E|CS|TAMS 0x00000000eaa00000| PB 0x00000000eaa00000| Complete 
| 171|0x00000000eab00000, 0x00000000eac00000, 0x00000000eac00000|100%| E|CS|TAMS 0x00000000eab00000| PB 0x00000000eab00000| Complete 
| 172|0x00000000eac00000, 0x00000000ead00000, 0x00000000ead00000|100%| E|CS|TAMS 0x00000000eac00000| PB 0x00000000eac00000| Complete 
| 173|0x00000000ead00000, 0x00000000eae00000, 0x00000000eae00000|100%| E|CS|TAMS 0x00000000ead00000| PB 0x00000000ead00000| Complete 
| 174|0x00000000eae00000, 0x00000000eaf00000, 0x00000000eaf00000|100%| E|CS|TAMS 0x00000000eae00000| PB 0x00000000eae00000| Complete 
| 175|0x00000000eaf00000, 0x00000000eb000000, 0x00000000eb000000|100%| E|CS|TAMS 0x00000000eaf00000| PB 0x00000000eaf00000| Complete 
| 176|0x00000000eb000000, 0x00000000eb100000, 0x00000000eb100000|100%| E|CS|TAMS 0x00000000eb000000| PB 0x00000000eb000000| Complete 
| 177|0x00000000eb100000, 0x00000000eb200000, 0x00000000eb200000|100%| E|CS|TAMS 0x00000000eb100000| PB 0x00000000eb100000| Complete 
| 178|0x00000000eb200000, 0x00000000eb300000, 0x00000000eb300000|100%| E|CS|TAMS 0x00000000eb200000| PB 0x00000000eb200000| Complete 
| 179|0x00000000eb300000, 0x00000000eb400000, 0x00000000eb400000|100%| E|CS|TAMS 0x00000000eb300000| PB 0x00000000eb300000| Complete 
| 180|0x00000000eb400000, 0x00000000eb500000, 0x00000000eb500000|100%| E|CS|TAMS 0x00000000eb400000| PB 0x00000000eb400000| Complete 
| 181|0x00000000eb500000, 0x00000000eb600000, 0x00000000eb600000|100%| E|CS|TAMS 0x00000000eb500000| PB 0x00000000eb500000| Complete 
| 182|0x00000000eb600000, 0x00000000eb700000, 0x00000000eb700000|100%| E|CS|TAMS 0x00000000eb600000| PB 0x00000000eb600000| Complete 
| 183|0x00000000eb700000, 0x00000000eb800000, 0x00000000eb800000|100%| E|CS|TAMS 0x00000000eb700000| PB 0x00000000eb700000| Complete 
| 184|0x00000000eb800000, 0x00000000eb900000, 0x00000000eb900000|100%| E|CS|TAMS 0x00000000eb800000| PB 0x00000000eb800000| Complete 
| 185|0x00000000eb900000, 0x00000000eba00000, 0x00000000eba00000|100%| E|CS|TAMS 0x00000000eb900000| PB 0x00000000eb900000| Complete 
| 186|0x00000000eba00000, 0x00000000ebb00000, 0x00000000ebb00000|100%| E|CS|TAMS 0x00000000eba00000| PB 0x00000000eba00000| Complete 
| 187|0x00000000ebb00000, 0x00000000ebc00000, 0x00000000ebc00000|100%| E|CS|TAMS 0x00000000ebb00000| PB 0x00000000ebb00000| Complete 
| 188|0x00000000ebc00000, 0x00000000ebd00000, 0x00000000ebd00000|100%| E|CS|TAMS 0x00000000ebc00000| PB 0x00000000ebc00000| Complete 
| 189|0x00000000ebd00000, 0x00000000ebe00000, 0x00000000ebe00000|100%| E|CS|TAMS 0x00000000ebd00000| PB 0x00000000ebd00000| Complete 
| 190|0x00000000ebe00000, 0x00000000ebf00000, 0x00000000ebf00000|100%| E|CS|TAMS 0x00000000ebe00000| PB 0x00000000ebe00000| Complete 
| 191|0x00000000ebf00000, 0x00000000ec000000, 0x00000000ec000000|100%| E|CS|TAMS 0x00000000ebf00000| PB 0x00000000ebf00000| Complete 
| 192|0x00000000ec000000, 0x00000000ec100000, 0x00000000ec100000|100%| E|CS|TAMS 0x00000000ec000000| PB 0x00000000ec000000| Complete 
| 193|0x00000000ec100000, 0x00000000ec200000, 0x00000000ec200000|100%| E|CS|TAMS 0x00000000ec100000| PB 0x00000000ec100000| Complete 
| 194|0x00000000ec200000, 0x00000000ec300000, 0x00000000ec300000|100%| E|CS|TAMS 0x00000000ec200000| PB 0x00000000ec200000| Complete 
| 195|0x00000000ec300000, 0x00000000ec400000, 0x00000000ec400000|100%| E|CS|TAMS 0x00000000ec300000| PB 0x00000000ec300000| Complete 
| 196|0x00000000ec400000, 0x00000000ec500000, 0x00000000ec500000|100%| E|CS|TAMS 0x00000000ec400000| PB 0x00000000ec400000| Complete 
| 197|0x00000000ec500000, 0x00000000ec600000, 0x00000000ec600000|100%| E|CS|TAMS 0x00000000ec500000| PB 0x00000000ec500000| Complete 
| 198|0x00000000ec600000, 0x00000000ec700000, 0x00000000ec700000|100%| E|CS|TAMS 0x00000000ec600000| PB 0x00000000ec600000| Complete 
| 199|0x00000000ec700000, 0x00000000ec800000, 0x00000000ec800000|100%| E|CS|TAMS 0x00000000ec700000| PB 0x00000000ec700000| Complete 
| 200|0x00000000ec800000, 0x00000000ec900000, 0x00000000ec900000|100%| E|CS|TAMS 0x00000000ec800000| PB 0x00000000ec800000| Complete 
| 201|0x00000000ec900000, 0x00000000eca00000, 0x00000000eca00000|100%| E|CS|TAMS 0x00000000ec900000| PB 0x00000000ec900000| Complete 
| 202|0x00000000eca00000, 0x00000000ecb00000, 0x00000000ecb00000|100%| E|CS|TAMS 0x00000000eca00000| PB 0x00000000eca00000| Complete 
| 203|0x00000000ecb00000, 0x00000000ecc00000, 0x00000000ecc00000|100%| E|CS|TAMS 0x00000000ecb00000| PB 0x00000000ecb00000| Complete 
| 204|0x00000000ecc00000, 0x00000000ecd00000, 0x00000000ecd00000|100%| E|CS|TAMS 0x00000000ecc00000| PB 0x00000000ecc00000| Complete 
| 205|0x00000000ecd00000, 0x00000000ece00000, 0x00000000ece00000|100%| E|CS|TAMS 0x00000000ecd00000| PB 0x00000000ecd00000| Complete 
| 206|0x00000000ece00000, 0x00000000ecf00000, 0x00000000ecf00000|100%| E|CS|TAMS 0x00000000ece00000| PB 0x00000000ece00000| Complete 
| 207|0x00000000ecf00000, 0x00000000ed000000, 0x00000000ed000000|100%| E|CS|TAMS 0x00000000ecf00000| PB 0x00000000ecf00000| Complete 
| 208|0x00000000ed000000, 0x00000000ed100000, 0x00000000ed100000|100%| E|CS|TAMS 0x00000000ed000000| PB 0x00000000ed000000| Complete 
| 209|0x00000000ed100000, 0x00000000ed200000, 0x00000000ed200000|100%| E|CS|TAMS 0x00000000ed100000| PB 0x00000000ed100000| Complete 
| 210|0x00000000ed200000, 0x00000000ed300000, 0x00000000ed300000|100%| E|CS|TAMS 0x00000000ed200000| PB 0x00000000ed200000| Complete 
| 211|0x00000000ed300000, 0x00000000ed400000, 0x00000000ed400000|100%| E|CS|TAMS 0x00000000ed300000| PB 0x00000000ed300000| Complete 
| 212|0x00000000ed400000, 0x00000000ed500000, 0x00000000ed500000|100%| E|CS|TAMS 0x00000000ed400000| PB 0x00000000ed400000| Complete 
| 213|0x00000000ed500000, 0x00000000ed600000, 0x00000000ed600000|100%| E|CS|TAMS 0x00000000ed500000| PB 0x00000000ed500000| Complete 
| 214|0x00000000ed600000, 0x00000000ed700000, 0x00000000ed700000|100%| E|CS|TAMS 0x00000000ed600000| PB 0x00000000ed600000| Complete 
| 215|0x00000000ed700000, 0x00000000ed800000, 0x00000000ed800000|100%| E|CS|TAMS 0x00000000ed700000| PB 0x00000000ed700000| Complete 
| 216|0x00000000ed800000, 0x00000000ed900000, 0x00000000ed900000|100%| E|CS|TAMS 0x00000000ed800000| PB 0x00000000ed800000| Complete 
| 217|0x00000000ed900000, 0x00000000eda00000, 0x00000000eda00000|100%| E|CS|TAMS 0x00000000ed900000| PB 0x00000000ed900000| Complete 
| 218|0x00000000eda00000, 0x00000000edb00000, 0x00000000edb00000|100%| E|CS|TAMS 0x00000000eda00000| PB 0x00000000eda00000| Complete 
| 219|0x00000000edb00000, 0x00000000edc00000, 0x00000000edc00000|100%| E|CS|TAMS 0x00000000edb00000| PB 0x00000000edb00000| Complete 
| 220|0x00000000edc00000, 0x00000000edd00000, 0x00000000edd00000|100%| E|CS|TAMS 0x00000000edc00000| PB 0x00000000edc00000| Complete 
| 221|0x00000000edd00000, 0x00000000ede00000, 0x00000000ede00000|100%| E|CS|TAMS 0x00000000edd00000| PB 0x00000000edd00000| Complete 
| 222|0x00000000ede00000, 0x00000000edf00000, 0x00000000edf00000|100%| E|CS|TAMS 0x00000000ede00000| PB 0x00000000ede00000| Complete 
| 223|0x00000000edf00000, 0x00000000ee000000, 0x00000000ee000000|100%| E|CS|TAMS 0x00000000edf00000| PB 0x00000000edf00000| Complete 
| 224|0x00000000ee000000, 0x00000000ee100000, 0x00000000ee100000|100%| E|CS|TAMS 0x00000000ee000000| PB 0x00000000ee000000| Complete 
| 225|0x00000000ee100000, 0x00000000ee200000, 0x00000000ee200000|100%| E|CS|TAMS 0x00000000ee100000| PB 0x00000000ee100000| Complete 
| 226|0x00000000ee200000, 0x00000000ee300000, 0x00000000ee300000|100%| E|CS|TAMS 0x00000000ee200000| PB 0x00000000ee200000| Complete 
| 227|0x00000000ee300000, 0x00000000ee400000, 0x00000000ee400000|100%| E|CS|TAMS 0x00000000ee300000| PB 0x00000000ee300000| Complete 
| 228|0x00000000ee400000, 0x00000000ee500000, 0x00000000ee500000|100%| E|CS|TAMS 0x00000000ee400000| PB 0x00000000ee400000| Complete 
| 229|0x00000000ee500000, 0x00000000ee600000, 0x00000000ee600000|100%| E|CS|TAMS 0x00000000ee500000| PB 0x00000000ee500000| Complete 
| 230|0x00000000ee600000, 0x00000000ee700000, 0x00000000ee700000|100%| E|CS|TAMS 0x00000000ee600000| PB 0x00000000ee600000| Complete 
| 231|0x00000000ee700000, 0x00000000ee800000, 0x00000000ee800000|100%| E|CS|TAMS 0x00000000ee700000| PB 0x00000000ee700000| Complete 
| 232|0x00000000ee800000, 0x00000000ee900000, 0x00000000ee900000|100%| E|CS|TAMS 0x00000000ee800000| PB 0x00000000ee800000| Complete 
| 233|0x00000000ee900000, 0x00000000eea00000, 0x00000000eea00000|100%| E|CS|TAMS 0x00000000ee900000| PB 0x00000000ee900000| Complete 
| 234|0x00000000eea00000, 0x00000000eeb00000, 0x00000000eeb00000|100%| E|CS|TAMS 0x00000000eea00000| PB 0x00000000eea00000| Complete 
| 235|0x00000000eeb00000, 0x00000000eec00000, 0x00000000eec00000|100%| E|CS|TAMS 0x00000000eeb00000| PB 0x00000000eeb00000| Complete 
| 236|0x00000000eec00000, 0x00000000eed00000, 0x00000000eed00000|100%| E|CS|TAMS 0x00000000eec00000| PB 0x00000000eec00000| Complete 
| 237|0x00000000eed00000, 0x00000000eee00000, 0x00000000eee00000|100%| E|CS|TAMS 0x00000000eed00000| PB 0x00000000eed00000| Complete 
| 238|0x00000000eee00000, 0x00000000eef00000, 0x00000000eef00000|100%| E|CS|TAMS 0x00000000eee00000| PB 0x00000000eee00000| Complete 
| 239|0x00000000eef00000, 0x00000000ef000000, 0x00000000ef000000|100%| E|CS|TAMS 0x00000000eef00000| PB 0x00000000eef00000| Complete 
| 240|0x00000000ef000000, 0x00000000ef100000, 0x00000000ef100000|100%| E|CS|TAMS 0x00000000ef000000| PB 0x00000000ef000000| Complete 
| 241|0x00000000ef100000, 0x00000000ef200000, 0x00000000ef200000|100%| E|CS|TAMS 0x00000000ef100000| PB 0x00000000ef100000| Complete 
| 242|0x00000000ef200000, 0x00000000ef300000, 0x00000000ef300000|100%| E|CS|TAMS 0x00000000ef200000| PB 0x00000000ef200000| Complete 
| 243|0x00000000ef300000, 0x00000000ef400000, 0x00000000ef400000|100%| E|CS|TAMS 0x00000000ef300000| PB 0x00000000ef300000| Complete 
| 244|0x00000000ef400000, 0x00000000ef500000, 0x00000000ef500000|100%| E|CS|TAMS 0x00000000ef400000| PB 0x00000000ef400000| Complete 
| 245|0x00000000ef500000, 0x00000000ef600000, 0x00000000ef600000|100%| E|CS|TAMS 0x00000000ef500000| PB 0x00000000ef500000| Complete 
| 246|0x00000000ef600000, 0x00000000ef700000, 0x00000000ef700000|100%| E|CS|TAMS 0x00000000ef600000| PB 0x00000000ef600000| Complete 
| 247|0x00000000ef700000, 0x00000000ef800000, 0x00000000ef800000|100%| E|CS|TAMS 0x00000000ef700000| PB 0x00000000ef700000| Complete 
| 248|0x00000000ef800000, 0x00000000ef900000, 0x00000000ef900000|100%| E|CS|TAMS 0x00000000ef800000| PB 0x00000000ef800000| Complete 
| 249|0x00000000ef900000, 0x00000000efa00000, 0x00000000efa00000|100%| E|CS|TAMS 0x00000000ef900000| PB 0x00000000ef900000| Complete 
| 250|0x00000000efa00000, 0x00000000efb00000, 0x00000000efb00000|100%| E|CS|TAMS 0x00000000efa00000| PB 0x00000000efa00000| Complete 
| 251|0x00000000efb00000, 0x00000000efc00000, 0x00000000efc00000|100%| E|CS|TAMS 0x00000000efb00000| PB 0x00000000efb00000| Complete 
| 252|0x00000000efc00000, 0x00000000efd00000, 0x00000000efd00000|100%| E|CS|TAMS 0x00000000efc00000| PB 0x00000000efc00000| Complete 
| 253|0x00000000efd00000, 0x00000000efe00000, 0x00000000efe00000|100%| E|CS|TAMS 0x00000000efd00000| PB 0x00000000efd00000| Complete 
| 254|0x00000000efe00000, 0x00000000eff00000, 0x00000000eff00000|100%| E|CS|TAMS 0x00000000efe00000| PB 0x00000000efe00000| Complete 
| 255|0x00000000eff00000, 0x00000000f0000000, 0x00000000f0000000|100%| E|CS|TAMS 0x00000000eff00000| PB 0x00000000eff00000| Complete 

Card table byte_map: [0x0000021976210000,0x0000021976310000] _byte_map_base: 0x0000021975b10000

Marking Bits: (CMBitMap*) 0x000002195ed50a90
 Bits: [0x0000021976410000, 0x0000021976c10000)

Polling page: 0x000002195c680000

Metaspace:

Usage:
  Non-class:     41.72 MB used.
      Class:      6.50 MB used.
       Both:     48.22 MB used.

Virtual space:
  Non-class space:       64.00 MB reserved,      42.50 MB ( 66%) committed,  1 nodes.
      Class space:      308.00 MB reserved,       7.19 MB (  2%) committed,  1 nodes.
             Both:      372.00 MB reserved,      49.69 MB ( 13%) committed. 

Chunk freelists:
   Non-Class:  1.36 MB
       Class:  704.00 KB
        Both:  2.05 MB

MaxMetaspaceSize: 384.00 MB
CompressedClassSpaceSize: 308.00 MB
Initial GC threshold: 21.00 MB
Current GC threshold: 58.75 MB
CDS: on
MetaspaceReclaimPolicy: balanced
 - commit_granule_bytes: 65536.
 - commit_granule_words: 8192.
 - virtual_space_node_default_size: 8388608.
 - enlarge_chunks_in_place: 1.
 - new_chunks_are_fully_committed: 0.
 - uncommit_free_chunks: 1.
 - use_allocation_guard: 0.


Internal statistics:

num_allocs_failed_limit: 6.
num_arena_births: 2478.
num_arena_deaths: 0.
num_vsnodes_births: 2.
num_vsnodes_deaths: 0.
num_space_committed: 795.
num_space_uncommitted: 0.
num_chunks_returned_to_freelist: 6.
num_chunks_taken_from_freelist: 4606.
num_chunk_merges: 6.
num_chunk_splits: 3037.
num_chunks_enlarged: 1920.
num_inconsistent_stats: 0.

CodeHeap 'non-profiled nmethods': size=120000Kb used=7157Kb max_used=7157Kb free=112842Kb
 bounds [0x000002196e8b0000, 0x000002196efb0000, 0x0000021975de0000]
CodeHeap 'profiled nmethods': size=120000Kb used=17363Kb max_used=17363Kb free=102636Kb
 bounds [0x0000021966de0000, 0x0000021967ee0000, 0x000002196e310000]
CodeHeap 'non-nmethods': size=5760Kb used=3003Kb max_used=3067Kb free=2756Kb
 bounds [0x000002196e310000, 0x000002196e620000, 0x000002196e8b0000]
 total_blobs=8593 nmethods=7727 adapters=775
 compilation: enabled
              stopped_count=0, restarted_count=0
 full_count=0

Compilation events (20 events):
Event: 17.753 Thread 0x000002197d814a70 8243       2       java.util.stream.AbstractPipeline::evaluateToArrayNode (78 bytes)
Event: 17.754 Thread 0x000002197d814a70 nmethod 8243 0x0000021967ecc790 code [0x0000021967ecc960, 0x0000021967eccc70]
Event: 17.756 Thread 0x000002197d814a70 8244       3       java.lang.instrument.ClassFileTransformer::transform (15 bytes)
Event: 17.756 Thread 0x000002197d814a70 nmethod 8244 0x0000021967ecce10 code [0x0000021967eccfa0, 0x0000021967ecd130]
Event: 17.756 Thread 0x000002197d814a70 8245       2       org.gradle.internal.io.StreamByteBuffer$StreamByteBufferInputStream::readImpl (150 bytes)
Event: 17.756 Thread 0x000002197d814a70 nmethod 8245 0x0000021967ecd210 code [0x0000021967ecd400, 0x0000021967ecd8a8]
Event: 17.756 Thread 0x000002197d814a70 8246       2       java.util.TreeMap::values (25 bytes)
Event: 17.757 Thread 0x000002197d814a70 nmethod 8246 0x0000021967ecdb90 code [0x0000021967ecdd20, 0x0000021967ecdf50]
Event: 17.757 Thread 0x000002197d814a70 8247       2       java.util.Collections$UnmodifiableMap$UnmodifiableEntrySet$1::hasNext (10 bytes)
Event: 17.757 Thread 0x000002197d814a70 nmethod 8247 0x0000021967ece010 code [0x0000021967ece1a0, 0x0000021967ece2d0]
Event: 17.757 Thread 0x000002197d814a70 8248       2       java.util.stream.ReferencePipeline::toArray (18 bytes)
Event: 17.757 Thread 0x000002197d814a70 nmethod 8248 0x0000021967ece390 code [0x0000021967ece540, 0x0000021967ece6b8]
Event: 17.757 Thread 0x000002197d814a70 8249       2       org.codehaus.groovy.reflection.CachedClass$1$$Lambda$616/0x000002190160e3e0::apply (12 bytes)
Event: 17.757 Thread 0x000002197d814a70 nmethod 8249 0x0000021967ece790 code [0x0000021967ece920, 0x0000021967ecebe8]
Event: 17.757 Thread 0x000002197d814a70 8250       2       org.codehaus.groovy.reflection.CachedField::<init> (18 bytes)
Event: 17.757 Thread 0x000002197d814a70 nmethod 8250 0x0000021967eced10 code [0x0000021967eceea0, 0x0000021967ecf0c8]
Event: 17.757 Thread 0x000002197d814a70 8251       2       java.util.stream.Nodes::flatten (70 bytes)
Event: 17.757 Thread 0x000002197d814a70 nmethod 8251 0x0000021967ecf190 code [0x0000021967ecf380, 0x0000021967ecf7c0]
Event: 17.757 Thread 0x000002197d814a70 8252   !   3       org.gradle.internal.agents.DefaultClassFileTransformer::transform (42 bytes)
Event: 17.757 Thread 0x000002197d814a70 nmethod 8252 0x0000021967ecfa10 code [0x0000021967ecfbe0, 0x0000021967ed0180]

GC Heap History (20 events):
Event: 12.516 GC heap before
{Heap before GC invocations=19 (full 0):
 garbage-first heap   total 262144K, used 208969K [0x00000000e0000000, 0x0000000100000000)
  region size 1024K, 153 young (156672K), 7 survivors (7168K)
 Metaspace       used 46842K, committed 48256K, reserved 380928K
  class space    used 6473K, committed 7168K, reserved 315392K
}
Event: 12.520 GC heap after
{Heap after GC invocations=20 (full 0):
 garbage-first heap   total 262144K, used 58794K [0x00000000e0000000, 0x0000000100000000)
  region size 1024K, 6 young (6144K), 6 survivors (6144K)
 Metaspace       used 46842K, committed 48256K, reserved 380928K
  class space    used 6473K, committed 7168K, reserved 315392K
}
Event: 12.933 GC heap before
{Heap before GC invocations=20 (full 0):
 garbage-first heap   total 262144K, used 209322K [0x00000000e0000000, 0x0000000100000000)
  region size 1024K, 153 young (156672K), 6 survivors (6144K)
 Metaspace       used 46843K, committed 48320K, reserved 380928K
  class space    used 6473K, committed 7168K, reserved 315392K
}
Event: 12.938 GC heap after
{Heap after GC invocations=21 (full 0):
 garbage-first heap   total 262144K, used 60253K [0x00000000e0000000, 0x0000000100000000)
  region size 1024K, 8 young (8192K), 8 survivors (8192K)
 Metaspace       used 46843K, committed 48320K, reserved 380928K
  class space    used 6473K, committed 7168K, reserved 315392K
}
Event: 13.329 GC heap before
{Heap before GC invocations=21 (full 0):
 garbage-first heap   total 262144K, used 208733K [0x00000000e0000000, 0x0000000100000000)
  region size 1024K, 153 young (156672K), 8 survivors (8192K)
 Metaspace       used 46857K, committed 48320K, reserved 380928K
  class space    used 6473K, committed 7168K, reserved 315392K
}
Event: 13.333 GC heap after
{Heap after GC invocations=22 (full 0):
 garbage-first heap   total 262144K, used 61321K [0x00000000e0000000, 0x0000000100000000)
  region size 1024K, 9 young (9216K), 9 survivors (9216K)
 Metaspace       used 46857K, committed 48320K, reserved 380928K
  class space    used 6473K, committed 7168K, reserved 315392K
}
Event: 13.696 GC heap before
{Heap before GC invocations=22 (full 0):
 garbage-first heap   total 262144K, used 208777K [0x00000000e0000000, 0x0000000100000000)
  region size 1024K, 153 young (156672K), 9 survivors (9216K)
 Metaspace       used 46858K, committed 48320K, reserved 380928K
  class space    used 6473K, committed 7168K, reserved 315392K
}
Event: 13.701 GC heap after
{Heap after GC invocations=23 (full 0):
 garbage-first heap   total 262144K, used 62400K [0x00000000e0000000, 0x0000000100000000)
  region size 1024K, 10 young (10240K), 10 survivors (10240K)
 Metaspace       used 46858K, committed 48320K, reserved 380928K
  class space    used 6473K, committed 7168K, reserved 315392K
}
Event: 13.988 GC heap before
{Heap before GC invocations=23 (full 0):
 garbage-first heap   total 262144K, used 208832K [0x00000000e0000000, 0x0000000100000000)
  region size 1024K, 153 young (156672K), 10 survivors (10240K)
 Metaspace       used 46859K, committed 48320K, reserved 380928K
  class space    used 6473K, committed 7168K, reserved 315392K
}
Event: 13.993 GC heap after
{Heap after GC invocations=24 (full 0):
 garbage-first heap   total 262144K, used 63931K [0x00000000e0000000, 0x0000000100000000)
  region size 1024K, 11 young (11264K), 11 survivors (11264K)
 Metaspace       used 46859K, committed 48320K, reserved 380928K
  class space    used 6473K, committed 7168K, reserved 315392K
}
Event: 14.318 GC heap before
{Heap before GC invocations=24 (full 0):
 garbage-first heap   total 262144K, used 209339K [0x00000000e0000000, 0x0000000100000000)
  region size 1024K, 153 young (156672K), 11 survivors (11264K)
 Metaspace       used 46861K, committed 48320K, reserved 380928K
  class space    used 6473K, committed 7168K, reserved 315392K
}
Event: 14.325 GC heap after
{Heap after GC invocations=25 (full 0):
 garbage-first heap   total 262144K, used 66135K [0x00000000e0000000, 0x0000000100000000)
  region size 1024K, 13 young (13312K), 13 survivors (13312K)
 Metaspace       used 46861K, committed 48320K, reserved 380928K
  class space    used 6473K, committed 7168K, reserved 315392K
}
Event: 14.659 GC heap before
{Heap before GC invocations=25 (full 0):
 garbage-first heap   total 262144K, used 209495K [0x00000000e0000000, 0x0000000100000000)
  region size 1024K, 153 young (156672K), 13 survivors (13312K)
 Metaspace       used 46861K, committed 48320K, reserved 380928K
  class space    used 6473K, committed 7168K, reserved 315392K
}
Event: 14.667 GC heap after
{Heap after GC invocations=26 (full 0):
 garbage-first heap   total 262144K, used 67072K [0x00000000e0000000, 0x0000000100000000)
  region size 1024K, 12 young (12288K), 12 survivors (12288K)
 Metaspace       used 46861K, committed 48320K, reserved 380928K
  class space    used 6473K, committed 7168K, reserved 315392K
}
Event: 15.308 GC heap before
{Heap before GC invocations=26 (full 0):
 garbage-first heap   total 262144K, used 211456K [0x00000000e0000000, 0x0000000100000000)
  region size 1024K, 153 young (156672K), 12 survivors (12288K)
 Metaspace       used 46862K, committed 48320K, reserved 380928K
  class space    used 6473K, committed 7168K, reserved 315392K
}
Event: 15.316 GC heap after
{Heap after GC invocations=27 (full 0):
 garbage-first heap   total 262144K, used 67870K [0x00000000e0000000, 0x0000000100000000)
  region size 1024K, 10 young (10240K), 10 survivors (10240K)
 Metaspace       used 46862K, committed 48320K, reserved 380928K
  class space    used 6473K, committed 7168K, reserved 315392K
}
Event: 16.831 GC heap before
{Heap before GC invocations=27 (full 0):
 garbage-first heap   total 262144K, used 214302K [0x00000000e0000000, 0x0000000100000000)
  region size 1024K, 153 young (156672K), 10 survivors (10240K)
 Metaspace       used 46884K, committed 48320K, reserved 380928K
  class space    used 6473K, committed 7168K, reserved 315392K
}
Event: 16.834 GC heap after
{Heap after GC invocations=28 (full 0):
 garbage-first heap   total 262144K, used 56536K [0x00000000e0000000, 0x0000000100000000)
  region size 1024K, 2 young (2048K), 2 survivors (2048K)
 Metaspace       used 46884K, committed 48320K, reserved 380928K
  class space    used 6473K, committed 7168K, reserved 315392K
}
Event: 17.131 GC heap before
{Heap before GC invocations=28 (full 0):
 garbage-first heap   total 262144K, used 211160K [0x00000000e0000000, 0x0000000100000000)
  region size 1024K, 153 young (156672K), 2 survivors (2048K)
 Metaspace       used 46916K, committed 48320K, reserved 380928K
  class space    used 6477K, committed 7168K, reserved 315392K
}
Event: 17.134 GC heap after
{Heap after GC invocations=29 (full 0):
 garbage-first heap   total 262144K, used 59142K [0x00000000e0000000, 0x0000000100000000)
  region size 1024K, 5 young (5120K), 5 survivors (5120K)
 Metaspace       used 46916K, committed 48320K, reserved 380928K
  class space    used 6477K, committed 7168K, reserved 315392K
}

Dll operation events (15 events):
Event: 0.012 Loaded shared library C:\Program Files\Java\jdk-20\bin\java.dll
Event: 0.044 Loaded shared library C:\Program Files\Java\jdk-20\bin\jsvml.dll
Event: 0.112 Loaded shared library C:\Program Files\Java\jdk-20\bin\zip.dll
Event: 0.134 Loaded shared library C:\Program Files\Java\jdk-20\bin\instrument.dll
Event: 0.145 Loaded shared library C:\Program Files\Java\jdk-20\bin\net.dll
Event: 0.147 Loaded shared library C:\Program Files\Java\jdk-20\bin\nio.dll
Event: 0.152 Loaded shared library C:\Program Files\Java\jdk-20\bin\zip.dll
Event: 0.384 Loaded shared library C:\Program Files\Java\jdk-20\bin\jimage.dll
Event: 0.441 Loaded shared library C:\Program Files\Java\jdk-20\bin\verify.dll
Event: 0.577 Loaded shared library C:\Users\levit\.gradle\native\68d5fa5c4cc2d200863cafc0d521ce42e7d3e7ee720ec0a83991735586a16f82\windows-amd64\native-platform.dll
Event: 0.588 Loaded shared library C:\Users\levit\.gradle\native\e376f236ea51e6404a007f0833ffe2c6e607c4080706a723a18a27aeea778392\windows-amd64\native-platform-file-events.dll
Event: 1.203 Loaded shared library C:\Program Files\Java\jdk-20\bin\management.dll
Event: 1.208 Loaded shared library C:\Program Files\Java\jdk-20\bin\management_ext.dll
Event: 1.448 Loaded shared library C:\Program Files\Java\jdk-20\bin\extnet.dll
Event: 1.652 Loaded shared library C:\Program Files\Java\jdk-20\bin\sunmscapi.dll

Deoptimization events (20 events):
Event: 17.524 Thread 0x000002191461d5f0 Uncommon trap: trap_request=0xffffff76 fr.pc=0x000002196e922534 relative=0x0000000000000214
Event: 17.524 Thread 0x000002191461d5f0 Uncommon trap: reason=predicate action=maybe_recompile pc=0x000002196e922534 method=sun.instrument.TransformerManager.transform(Ljava/lang/Module;Ljava/lang/ClassLoader;Ljava/lang/String;Ljava/lang/Class;Ljava/security/ProtectionDomain;[B)[B @ 21 c2
Event: 17.524 Thread 0x000002191461d5f0 DEOPT PACKING pc=0x000002196e922534 sp=0x00000076c5ff6b40
Event: 17.524 Thread 0x000002191461d5f0 DEOPT UNPACKING pc=0x000002196e32d2a2 sp=0x00000076c5ff6a10 mode 2
Event: 17.524 Thread 0x000002191461d5f0 Uncommon trap: trap_request=0xffffff45 fr.pc=0x000002196e9232c0 relative=0x00000000000000c0
Event: 17.524 Thread 0x000002191461d5f0 Uncommon trap: reason=unstable_if action=reinterpret pc=0x000002196e9232c0 method=org.gradle.internal.agents.DefaultClassFileTransformer.transform(Ljava/lang/ClassLoader;Ljava/lang/String;Ljava/lang/Class;Ljava/security/ProtectionDomain;[B)[B @ 4 c2
Event: 17.524 Thread 0x000002191461d5f0 DEOPT PACKING pc=0x000002196e9232c0 sp=0x00000076c5ff69d0
Event: 17.524 Thread 0x000002191461d5f0 DEOPT UNPACKING pc=0x000002196e32d2a2 sp=0x00000076c5ff68e8 mode 2
Event: 17.564 Thread 0x000002191461d5f0 Uncommon trap: trap_request=0xffffff76 fr.pc=0x000002196e922d54 relative=0x00000000000001b4
Event: 17.564 Thread 0x000002191461d5f0 Uncommon trap: reason=predicate action=maybe_recompile pc=0x000002196e922d54 method=sun.instrument.TransformerManager.transform(Ljava/lang/Module;Ljava/lang/ClassLoader;Ljava/lang/String;Ljava/lang/Class;Ljava/security/ProtectionDomain;[B)[B @ 21 c2
Event: 17.564 Thread 0x000002191461d5f0 DEOPT PACKING pc=0x000002196e922d54 sp=0x00000076c5ff6d00
Event: 17.564 Thread 0x000002191461d5f0 DEOPT UNPACKING pc=0x000002196e32d2a2 sp=0x00000076c5ff6ca8 mode 2
Event: 17.564 Thread 0x000002191461d5f0 Uncommon trap: trap_request=0xffffff45 fr.pc=0x000002196eaea4b8 relative=0x00000000000000b8
Event: 17.564 Thread 0x000002191461d5f0 Uncommon trap: reason=unstable_if action=reinterpret pc=0x000002196eaea4b8 method=org.gradle.internal.agents.DefaultClassFileTransformer.transform(Ljava/lang/ClassLoader;Ljava/lang/String;Ljava/lang/Class;Ljava/security/ProtectionDomain;[B)[B @ 4 c2
Event: 17.564 Thread 0x000002191461d5f0 DEOPT PACKING pc=0x000002196eaea4b8 sp=0x00000076c5ff6be0
Event: 17.564 Thread 0x000002191461d5f0 DEOPT UNPACKING pc=0x000002196e32d2a2 sp=0x00000076c5ff6b80 mode 2
Event: 17.709 Thread 0x000002191461d5f0 Uncommon trap: trap_request=0xffffff76 fr.pc=0x000002196edfc2dc relative=0x000000000000013c
Event: 17.709 Thread 0x000002191461d5f0 Uncommon trap: reason=predicate action=maybe_recompile pc=0x000002196edfc2dc method=java.util.Arrays.binarySearch0([Ljava/lang/Object;IILjava/lang/Object;Ljava/util/Comparator;)I @ 25 c2
Event: 17.709 Thread 0x000002191461d5f0 DEOPT PACKING pc=0x000002196edfc2dc sp=0x00000076c5ff7df0
Event: 17.709 Thread 0x000002191461d5f0 DEOPT UNPACKING pc=0x000002196e32d2a2 sp=0x00000076c5ff7d00 mode 2

Classes loaded (20 events):
Event: 17.588 Loading class java/security/SecureClassLoaderBeanInfo
Event: 17.588 Loading class java/security/SecureClassLoaderBeanInfo done
Event: 17.588 Loading class java/security/SecureClassLoaderBeanInfo
Event: 17.588 Loading class java/security/SecureClassLoaderBeanInfo done
Event: 17.588 Loading class java/lang/ClassLoaderBeanInfo
Event: 17.588 Loading class java/lang/ClassLoaderBeanInfo done
Event: 17.588 Loading class java/lang/ClassLoaderBeanInfo
Event: 17.588 Loading class java/lang/ClassLoaderBeanInfo done
Event: 17.588 Loading class java/lang/ClassLoaderCustomizer
Event: 17.588 Loading class java/lang/ClassLoaderCustomizer done
Event: 17.588 Loading class java/lang/ClassLoaderCustomizer
Event: 17.588 Loading class java/lang/ClassLoaderCustomizer done
Event: 17.588 Loading class java/security/SecureClassLoaderCustomizer
Event: 17.588 Loading class java/security/SecureClassLoaderCustomizer done
Event: 17.588 Loading class java/security/SecureClassLoaderCustomizer
Event: 17.588 Loading class java/security/SecureClassLoaderCustomizer done
Event: 17.589 Loading class java/net/URLClassLoaderCustomizer
Event: 17.589 Loading class java/net/URLClassLoaderCustomizer done
Event: 17.589 Loading class java/net/URLClassLoaderCustomizer
Event: 17.589 Loading class java/net/URLClassLoaderCustomizer done

Classes unloaded (0 events):
No events

Classes redefined (0 events):
No events

Internal exceptions (20 events):
Event: 17.588 Thread 0x000002191461d5f0 Exception <a 'java/lang/ClassNotFoundException'{0x00000000e8e2aea0}: java/lang/ClassLoaderBeanInfo> (0x00000000e8e2aea0) 
thrown [s\open\src\hotspot\share\classfile\systemDictionary.cpp, line 305]
Event: 17.588 Thread 0x000002191461d5f0 Exception <a 'java/lang/ClassNotFoundException'{0x00000000e8e33580}: java/lang/ClassLoaderCustomizer> (0x00000000e8e33580) 
thrown [s\open\src\hotspot\share\classfile\systemDictionary.cpp, line 305]
Event: 17.588 Thread 0x000002191461d5f0 Exception <a 'java/lang/ClassNotFoundException'{0x00000000e8e48cc8}: java/security/SecureClassLoaderCustomizer> (0x00000000e8e48cc8) 
thrown [s\open\src\hotspot\share\classfile\systemDictionary.cpp, line 305]
Event: 17.589 Thread 0x000002191461d5f0 Exception <a 'java/lang/ClassNotFoundException'{0x00000000e8e53428}: java/net/URLClassLoaderCustomizer> (0x00000000e8e53428) 
thrown [s\open\src\hotspot\share\classfile\systemDictionary.cpp, line 305]
Event: 17.589 Thread 0x000002191461d5f0 Exception <a 'java/lang/ClassNotFoundException'{0x00000000e8e6c798}: org/gradle/internal/classloader/VisitableURLClassLoaderCustomizer> (0x00000000e8e6c798) 
thrown [s\open\src\hotspot\share\classfile\systemDictionary.cpp, line 305]
Event: 17.590 Thread 0x000002191461d5f0 Exception <a 'java/lang/ClassNotFoundException'{0x00000000e8e871f0}: org/gradle/internal/classloader/VisitableURLClassLoader$InstrumentingVisitableURLClassLoaderCustomizer> (0x00000000e8e871f0) 
thrown [s\open\src\hotspot\share\classfile\systemDictionary.cpp, line 305]
Event: 17.592 Thread 0x000002191461d5f0 Exception <a 'java/lang/ClassNotFoundException'{0x00000000e8ebe860}: org/jetbrains/plugins/gradle/tooling/internal/ExtraModelBuilder$ForGradle44BeanInfo> (0x00000000e8ebe860) 
thrown [s\open\src\hotspot\share\classfile\systemDictionary.cpp, line 305]
Event: 17.593 Thread 0x000002191461d5f0 Exception <a 'java/lang/ClassNotFoundException'{0x00000000e8ec9ee8}: org/jetbrains/plugins/gradle/tooling/internal/ExtraModelBuilder$ForGradle44Customizer> (0x00000000e8ec9ee8) 
thrown [s\open\src\hotspot\share\classfile\systemDictionary.cpp, line 305]
Event: 17.709 Thread 0x000002191461d5f0 Exception <a 'java/lang/ClassNotFoundException'{0x00000000e87cb2c8}: org/jetbrains/plugins/gradle/tooling/builder/WarModelBuilderImplBeanInfo> (0x00000000e87cb2c8) 
thrown [s\open\src\hotspot\share\classfile\systemDictionary.cpp, line 305]
Event: 17.710 Thread 0x000002191461d5f0 Exception <a 'java/lang/ClassNotFoundException'{0x00000000e87d68a0}: org/jetbrains/plugins/gradle/tooling/AbstractModelBuilderServiceBeanInfo> (0x00000000e87d68a0) 
thrown [s\open\src\hotspot\share\classfile\systemDictionary.cpp, line 305]
Event: 17.710 Thread 0x000002191461d5f0 Exception <a 'java/lang/ClassNotFoundException'{0x00000000e87e1e90}: org/jetbrains/plugins/gradle/tooling/AbstractModelBuilderServiceCustomizer> (0x00000000e87e1e90) 
thrown [s\open\src\hotspot\share\classfile\systemDictionary.cpp, line 305]
Event: 17.712 Thread 0x000002191461d5f0 Exception <a 'java/lang/ClassNotFoundException'{0x00000000e87f0d58}: org/jetbrains/plugins/gradle/tooling/builder/WarModelBuilderImplCustomizer> (0x00000000e87f0d58) 
thrown [s\open\src\hotspot\share\classfile\systemDictionary.cpp, line 305]
Event: 17.722 Thread 0x000002191461d5f0 Exception <a 'java/lang/ClassNotFoundException'{0x00000000e866a790}: org/jetbrains/plugins/gradle/tooling/builder/EarModelBuilderImplBeanInfo> (0x00000000e866a790) 
thrown [s\open\src\hotspot\share\classfile\systemDictionary.cpp, line 305]
Event: 17.723 Thread 0x000002191461d5f0 Exception <a 'java/lang/ClassNotFoundException'{0x00000000e8675d80}: org/jetbrains/plugins/gradle/tooling/builder/EarModelBuilderImplCustomizer> (0x00000000e8675d80) 
thrown [s\open\src\hotspot\share\classfile\systemDictionary.cpp, line 305]
Event: 17.738 Thread 0x000002191461d5f0 Exception <a 'java/lang/ClassNotFoundException'{0x00000000e8545210}: org/jetbrains/plugins/gradle/tooling/builder/ScalaModelBuilderImplBeanInfo> (0x00000000e8545210) 
thrown [s\open\src\hotspot\share\classfile\systemDictionary.cpp, line 305]
Event: 17.739 Thread 0x000002191461d5f0 Exception <a 'java/lang/ClassNotFoundException'{0x00000000e8550820}: org/jetbrains/plugins/gradle/tooling/builder/ScalaModelBuilderImplCustomizer> (0x00000000e8550820) 
thrown [s\open\src\hotspot\share\classfile\systemDictionary.cpp, line 305]
Event: 17.748 Thread 0x000002191461d5f0 Exception <a 'java/lang/ClassNotFoundException'{0x00000000e85f61e8}: org/jetbrains/plugins/gradle/tooling/builder/ExternalProjectBuilderImpl$1BeanInfo> (0x00000000e85f61e8) 
thrown [s\open\src\hotspot\share\classfile\systemDictionary.cpp, line 305]
Event: 17.748 Thread 0x000002191461d5f0 Exception <a 'java/lang/ClassNotFoundException'{0x00000000e8402310}: org/jetbrains/plugins/gradle/tooling/builder/ExternalProjectBuilderImpl$1Customizer> (0x00000000e8402310) 
thrown [s\open\src\hotspot\share\classfile\systemDictionary.cpp, line 305]
Event: 17.754 Thread 0x000002191461d5f0 Exception <a 'java/lang/ClassNotFoundException'{0x00000000e84822f8}: org/jetbrains/plugins/gradle/tooling/builder/ExternalProjectBuilderImplBeanInfo> (0x00000000e84822f8) 
thrown [s\open\src\hotspot\share\classfile\systemDictionary.cpp, line 305]
Event: 17.755 Thread 0x000002191461d5f0 Exception <a 'java/lang/ClassNotFoundException'{0x00000000e848d960}: org/jetbrains/plugins/gradle/tooling/builder/ExternalProjectBuilderImplCustomizer> (0x00000000e848d960) 
thrown [s\open\src\hotspot\share\classfile\systemDictionary.cpp, line 305]

VM Operations (20 events):
Event: 14.659 Executing VM operation: G1CollectForAllocation
Event: 14.667 Executing VM operation: G1CollectForAllocation done
Event: 15.308 Executing VM operation: G1CollectForAllocation
Event: 15.317 Executing VM operation: G1CollectForAllocation done
Event: 16.330 Executing VM operation: Cleanup
Event: 16.331 Executing VM operation: Cleanup done
Event: 16.831 Executing VM operation: G1CollectForAllocation
Event: 16.834 Executing VM operation: G1CollectForAllocation done
Event: 17.120 Executing VM operation: HandshakeAllThreads
Event: 17.120 Executing VM operation: HandshakeAllThreads done
Event: 17.121 Executing VM operation: HandshakeAllThreads
Event: 17.121 Executing VM operation: HandshakeAllThreads done
Event: 17.131 Executing VM operation: G1CollectForAllocation
Event: 17.134 Executing VM operation: G1CollectForAllocation done
Event: 17.406 Executing VM operation: ICBufferFull
Event: 17.407 Executing VM operation: ICBufferFull done
Event: 17.542 Executing VM operation: HandshakeAllThreads
Event: 17.542 Executing VM operation: HandshakeAllThreads done
Event: 17.652 Executing VM operation: ICBufferFull
Event: 17.652 Executing VM operation: ICBufferFull done

Events (20 events):
Event: 6.840 Thread 0x0000021979679920 flushing nmethod 0x000002196e909190
Event: 6.840 Thread 0x0000021979679920 flushing nmethod 0x000002196e906690
Event: 6.840 Thread 0x0000021979679920 flushing nmethod 0x000002196e8f6b10
Event: 6.840 Thread 0x0000021979679920 flushing nmethod 0x000002196e902b90
Event: 6.840 Thread 0x0000021979679920 flushing nmethod 0x000002196e8da490
Event: 6.840 Thread 0x0000021979679920 flushing nmethod 0x000002196e8ef290
Event: 6.840 Thread 0x0000021979679920 flushing nmethod 0x000002196e8e3a10
Event: 6.840 Thread 0x0000021979679920 flushing nmethod 0x000002196e8d2710
Event: 6.840 Thread 0x0000021979679920 flushing nmethod 0x000002196e8e2e10
Event: 6.840 Thread 0x0000021979679920 flushing nmethod 0x000002196e8e0e10
Event: 6.840 Thread 0x0000021979679920 flushing nmethod 0x000002196e8d0610
Event: 6.840 Thread 0x0000021979679920 flushing nmethod 0x000002196e8cfd90
Event: 6.840 Thread 0x0000021979679920 flushing nmethod 0x000002196e8ceb10
Event: 6.840 Thread 0x0000021979679920 flushing nmethod 0x000002196e8cdf90
Event: 6.840 Thread 0x0000021979679920 flushing nmethod 0x000002196e8e0510
Event: 6.840 Thread 0x0000021979679920 flushing nmethod 0x000002196e8bf910
Event: 6.840 Thread 0x0000021979679920 flushing nmethod 0x000002196e8bd690
Event: 6.840 Thread 0x0000021979679920 flushing nmethod 0x000002196e8d4d10
Event: 6.840 Thread 0x0000021979679920 flushing nmethod 0x000002196e8b8a10
Event: 14.102 Thread 0x0000021915982010 Thread exited: 0x0000021915982010


Dynamic libraries:
0x00007ff6bff40000 - 0x00007ff6bff50000 	C:\Program Files\Java\jdk-20\bin\java.exe
0x00007ffcc7d70000 - 0x00007ffcc7f87000 	C:\WINDOWS\SYSTEM32\ntdll.dll
0x00007ffcc7b50000 - 0x00007ffcc7c14000 	C:\WINDOWS\System32\KERNEL32.DLL
0x00007ffcc56b0000 - 0x00007ffcc5a56000 	C:\WINDOWS\System32\KERNELBASE.dll
0x00007ffcc5380000 - 0x00007ffcc5491000 	C:\WINDOWS\System32\ucrtbase.dll
0x00007ffc9aee0000 - 0x00007ffc9aefb000 	C:\Program Files\Java\jdk-20\bin\VCRUNTIME140.dll
0x00007ffc9b740000 - 0x00007ffc9b759000 	C:\Program Files\Java\jdk-20\bin\jli.dll
0x00007ffcc6560000 - 0x00007ffcc6610000 	C:\WINDOWS\System32\ADVAPI32.dll
0x00007ffcc5b20000 - 0x00007ffcc5bc7000 	C:\WINDOWS\System32\msvcrt.dll
0x00007ffcc7670000 - 0x00007ffcc7716000 	C:\WINDOWS\System32\sechost.dll
0x00007ffcc6610000 - 0x00007ffcc6727000 	C:\WINDOWS\System32\RPCRT4.dll
0x00007ffcc79a0000 - 0x00007ffcc7b4d000 	C:\WINDOWS\System32\USER32.dll
0x00007ffcc5600000 - 0x00007ffcc5626000 	C:\WINDOWS\System32\win32u.dll
0x00007ffca9760000 - 0x00007ffca99f3000 	C:\WINDOWS\WinSxS\amd64_microsoft.windows.common-controls_6595b64144ccf1df_6.0.22621.2361_none_2712ced57382f843\COMCTL32.dll
0x00007ffcc61a0000 - 0x00007ffcc61c9000 	C:\WINDOWS\System32\GDI32.dll
0x00007ffcc50f0000 - 0x00007ffcc5208000 	C:\WINDOWS\System32\gdi32full.dll
0x00007ffcc5560000 - 0x00007ffcc55fa000 	C:\WINDOWS\System32\msvcp_win.dll
0x00007ffcbe220000 - 0x00007ffcbe22a000 	C:\WINDOWS\SYSTEM32\VERSION.dll
0x00007ffcc6830000 - 0x00007ffcc6861000 	C:\WINDOWS\System32\IMM32.DLL
0x00007ffcc7610000 - 0x00007ffcc766e000 	C:\WINDOWS\System32\SHLWAPI.dll
0x00007ffca8dc0000 - 0x00007ffca8dcc000 	C:\Program Files\Java\jdk-20\bin\vcruntime140_1.dll
0x00007ffc77bb0000 - 0x00007ffc77c3e000 	C:\Program Files\Java\jdk-20\bin\msvcp140.dll
0x00007ffc67cf0000 - 0x00007ffc68988000 	C:\Program Files\Java\jdk-20\bin\server\jvm.dll
0x00007ffcbb650000 - 0x00007ffcbb684000 	C:\WINDOWS\SYSTEM32\WINMM.dll
0x00007ffc9d3f0000 - 0x00007ffc9d3f9000 	C:\WINDOWS\SYSTEM32\WSOCK32.dll
0x00007ffcc6c10000 - 0x00007ffcc6c81000 	C:\WINDOWS\System32\WS2_32.dll
0x00007ffcc41f0000 - 0x00007ffcc4208000 	C:\WINDOWS\SYSTEM32\kernel.appcore.dll
0x00007ffca8c90000 - 0x00007ffca8c9a000 	C:\Program Files\Java\jdk-20\bin\jimage.dll
0x00007ffcc2930000 - 0x00007ffcc2b5e000 	C:\WINDOWS\SYSTEM32\DBGHELP.DLL
0x00007ffcc6880000 - 0x00007ffcc6c0a000 	C:\WINDOWS\System32\combase.dll
0x00007ffcc7c20000 - 0x00007ffcc7cf7000 	C:\WINDOWS\System32\OLEAUT32.dll
0x00007ffcb3080000 - 0x00007ffcb30b2000 	C:\WINDOWS\SYSTEM32\dbgcore.DLL
0x00007ffcc5630000 - 0x00007ffcc56aa000 	C:\WINDOWS\System32\bcryptPrimitives.dll
0x00007ffcaacd0000 - 0x00007ffcaacde000 	C:\Program Files\Java\jdk-20\bin\instrument.dll
0x00007ffc83240000 - 0x00007ffc83266000 	C:\Program Files\Java\jdk-20\bin\java.dll
0x00007ffc761f0000 - 0x00007ffc762c7000 	C:\Program Files\Java\jdk-20\bin\jsvml.dll
0x00007ffcc6db0000 - 0x00007ffcc7608000 	C:\WINDOWS\System32\SHELL32.dll
0x00007ffcc3010000 - 0x00007ffcc3902000 	C:\WINDOWS\SYSTEM32\windows.storage.dll
0x00007ffcc2ed0000 - 0x00007ffcc300e000 	C:\WINDOWS\SYSTEM32\wintypes.dll
0x00007ffcc6730000 - 0x00007ffcc6823000 	C:\WINDOWS\System32\SHCORE.dll
0x00007ffcc5020000 - 0x00007ffcc5046000 	C:\WINDOWS\SYSTEM32\profapi.dll
0x00007ffc97e20000 - 0x00007ffc97e38000 	C:\Program Files\Java\jdk-20\bin\zip.dll
0x00007ffc9a9a0000 - 0x00007ffc9a9b3000 	C:\Program Files\Java\jdk-20\bin\net.dll
0x00007ffcbec00000 - 0x00007ffcbed37000 	C:\WINDOWS\SYSTEM32\WINHTTP.dll
0x00007ffcc46a0000 - 0x00007ffcc4709000 	C:\WINDOWS\system32\mswsock.dll
0x00007ffc9a2c0000 - 0x00007ffc9a2d6000 	C:\Program Files\Java\jdk-20\bin\nio.dll
0x00007ffcab060000 - 0x00007ffcab070000 	C:\Program Files\Java\jdk-20\bin\verify.dll
0x00007ffcab030000 - 0x00007ffcab057000 	C:\Users\levit\.gradle\native\68d5fa5c4cc2d200863cafc0d521ce42e7d3e7ee720ec0a83991735586a16f82\windows-amd64\native-platform.dll
0x00007ffc6adb0000 - 0x00007ffc6aef4000 	C:\Users\levit\.gradle\native\e376f236ea51e6404a007f0833ffe2c6e607c4080706a723a18a27aeea778392\windows-amd64\native-platform-file-events.dll
0x00007ffca8230000 - 0x00007ffca823a000 	C:\Program Files\Java\jdk-20\bin\management.dll
0x00007ffca7e80000 - 0x00007ffca7e8b000 	C:\Program Files\Java\jdk-20\bin\management_ext.dll
0x00007ffcc63b0000 - 0x00007ffcc63b8000 	C:\WINDOWS\System32\PSAPI.DLL
0x00007ffcc48f0000 - 0x00007ffcc490b000 	C:\WINDOWS\SYSTEM32\CRYPTSP.dll
0x00007ffcc4150000 - 0x00007ffcc4185000 	C:\WINDOWS\system32\rsaenh.dll
0x00007ffcc4790000 - 0x00007ffcc47bc000 	C:\WINDOWS\SYSTEM32\USERENV.dll
0x00007ffcc4a90000 - 0x00007ffcc4ab8000 	C:\WINDOWS\SYSTEM32\bcrypt.dll
0x00007ffcc4910000 - 0x00007ffcc491c000 	C:\WINDOWS\SYSTEM32\CRYPTBASE.dll
0x00007ffcc3be0000 - 0x00007ffcc3c0d000 	C:\WINDOWS\SYSTEM32\IPHLPAPI.DLL
0x00007ffcc6870000 - 0x00007ffcc6879000 	C:\WINDOWS\System32\NSI.dll
0x00007ffcbce40000 - 0x00007ffcbce59000 	C:\WINDOWS\SYSTEM32\dhcpcsvc6.DLL
0x00007ffcbce20000 - 0x00007ffcbce3f000 	C:\WINDOWS\SYSTEM32\dhcpcsvc.DLL
0x00007ffcc3c50000 - 0x00007ffcc3d49000 	C:\WINDOWS\SYSTEM32\DNSAPI.dll
0x00007ffca70b0000 - 0x00007ffca70b7000 	C:\Program Files\Java\jdk-20\bin\extnet.dll
0x00007ffca7e00000 - 0x00007ffca7e0e000 	C:\Program Files\Java\jdk-20\bin\sunmscapi.dll
0x00007ffcc5210000 - 0x00007ffcc5376000 	C:\WINDOWS\System32\CRYPT32.dll
0x00007ffcc4a60000 - 0x00007ffcc4a8d000 	C:\WINDOWS\SYSTEM32\ncrypt.dll
0x00007ffcc4a20000 - 0x00007ffcc4a57000 	C:\WINDOWS\SYSTEM32\NTASN1.dll
0x00007ffca79b0000 - 0x00007ffca79b8000 	C:\WINDOWS\system32\wshunix.dll
0x00007ffcc4220000 - 0x00007ffcc4254000 	C:\WINDOWS\SYSTEM32\ntmarta.dll

dbghelp: loaded successfully - version: 4.0.5 - missing functions: none
symbol engine: initialized successfully - sym options: 0x614 - pdb path: .;C:\Program Files\Java\jdk-20\bin;C:\WINDOWS\SYSTEM32;C:\WINDOWS\WinSxS\amd64_microsoft.windows.common-controls_6595b64144ccf1df_6.0.22621.2361_none_2712ced57382f843;C:\Program Files\Java\jdk-20\bin\server;C:\Users\levit\.gradle\native\68d5fa5c4cc2d200863cafc0d521ce42e7d3e7ee720ec0a83991735586a16f82\windows-amd64;C:\Users\levit\.gradle\native\e376f236ea51e6404a007f0833ffe2c6e607c4080706a723a18a27aeea778392\windows-amd64

VM Arguments:
jvm_args: --add-opens=java.base/java.util=ALL-UNNAMED --add-opens=java.base/java.lang=ALL-UNNAMED --add-opens=java.base/java.lang.invoke=ALL-UNNAMED --add-opens=java.prefs/java.util.prefs=ALL-UNNAMED --add-opens=java.base/java.nio.charset=ALL-UNNAMED --add-opens=java.base/java.net=ALL-UNNAMED --add-opens=java.base/java.util.concurrent.atomic=ALL-UNNAMED -XX:MaxMetaspaceSize=384m -XX:+HeapDumpOnOutOfMemoryError -Xms256m -Xmx512m -Dfile.encoding=windows-1252 -Duser.country=BR -Duser.language=pt -Duser.variant -javaagent:C:\Users\levit\.gradle\wrapper\dists\gradle-8.3-bin\dxjbbhstwasg8cbags9q7cvli\gradle-8.3\lib\agents\gradle-instrumentation-agent-8.3.jar 
java_command: org.gradle.launcher.daemon.bootstrap.GradleDaemon 8.3
java_class_path (initial): C:\Users\levit\.gradle\wrapper\dists\gradle-8.3-bin\dxjbbhstwasg8cbags9q7cvli\gradle-8.3\lib\gradle-launcher-8.3.jar
Launcher Type: SUN_STANDARD

[Global flags]
     intx CICompilerCount                          = 4                                         {product} {ergonomic}
   size_t CompressedClassSpaceSize                 = 322961408                                 {product} {ergonomic}
     uint ConcGCThreads                            = 2                                         {product} {ergonomic}
     uint G1ConcRefinementThreads                  = 8                                         {product} {ergonomic}
   size_t G1HeapRegionSize                         = 1048576                                   {product} {ergonomic}
    uintx GCDrainStackTargetSize                   = 64                                        {product} {ergonomic}
     bool HeapDumpOnOutOfMemoryError               = true                                   {manageable} {command line}
   size_t InitialHeapSize                          = 268435456                                 {product} {command line}
   size_t MarkStackSize                            = 4194304                                   {product} {ergonomic}
   size_t MaxHeapSize                              = 536870912                                 {product} {command line}
   size_t MaxMetaspaceSize                         = 402653184                                 {product} {command line}
   size_t MaxNewSize                               = 321912832                                 {product} {ergonomic}
   size_t MinHeapDeltaBytes                        = 1048576                                   {product} {ergonomic}
   size_t MinHeapSize                              = 268435456                                 {product} {command line}
    uintx NonNMethodCodeHeapSize                   = 5839372                                {pd product} {ergonomic}
    uintx NonProfiledCodeHeapSize                  = 122909434                              {pd product} {ergonomic}
    uintx ProfiledCodeHeapSize                     = 122909434                              {pd product} {ergonomic}
    uintx ReservedCodeCacheSize                    = 251658240                              {pd product} {ergonomic}
     bool SegmentedCodeCache                       = true                                      {product} {ergonomic}
   size_t SoftMaxHeapSize                          = 536870912                              {manageable} {ergonomic}
     bool UseCompressedClassPointers               = true                           {product lp64_product} {ergonomic}
     bool UseCompressedOops                        = true                           {product lp64_product} {ergonomic}
     bool UseG1GC                                  = true                                      {product} {ergonomic}
     bool UseLargePagesIndividualAllocation        = false                                  {pd product} {ergonomic}

Logging:
Log output configuration:
 #0: stdout all=warning uptime,level,tags foldmultilines=false
 #1: stderr all=off uptime,level,tags foldmultilines=false

Environment Variables:
PATH=C:\Program Files\Common Files\Oracle\Java\javapath;C:\Windows\system32;C:\Windows;C:\Windows\System32\Wbem;C:\Windows\System32\WindowsPowerShell\v1.0\;C:\Windows\System32\OpenSSH\;C:\Program Files (x86)\NVIDIA Corporation\PhysX\Common;C:\Program Files\NVIDIA Corporation\NVIDIA NvDLISR;C:\WINDOWS\system32;C:\WINDOWS;C:\WINDOWS\System32\Wbem;C:\WINDOWS\System32\WindowsPowerShell\v1.0\;C:\WINDOWS\System32\OpenSSH\;C:\Program Files\Git\cmd;C:\Program Files\nodejs\;C:\Program Files\PowerShell\7\;C:\Users\levit\apache-maven-3.9.5\bin;C:\Users\levit\AppData\Local\Programs\Python\Python311\Scripts\;C:\Users\levit\AppData\Local\Programs\Python\Python311\;C:\Users\levit\AppData\Local\Microsoft\WindowsApps;C:\Users\levit\AppData\Local\Programs\Microsoft VS Code\bin;C:\Users\levit\AppData\Roaming\npm
USERNAME=levit
OS=Windows_NT
PROCESSOR_IDENTIFIER=Intel64 Family 6 Model 140 Stepping 1, GenuineIntel
TMP=C:\Users\levit\AppData\Local\Temp
TEMP=C:\Users\levit\AppData\Local\Temp




---------------  S Y S T E M  ---------------

OS:
 Windows 11 , 64 bit Build 22621 (10.0.22621.2428)
OS uptime: 4 days 0:13 hours
Hyper-V role detected

CPU: total 8 (initial active 8) (4 cores per cpu, 2 threads per core) family 6 model 140 stepping 1 microcode 0xa4, cx8, cmov, fxsr, ht, mmx, 3dnowpref, sse, sse2, sse3, ssse3, sse4.1, sse4.2, popcnt, lzcnt, tsc, tscinvbit, avx, avx2, aes, erms, clmul, bmi1, bmi2, adx, avx512f, avx512dq, avx512cd, avx512bw, avx512vl, sha, fma, vzeroupper, avx512_vpopcntdq, avx512_vpclmulqdq, avx512_vaes, avx512_vnni, clflush, clflushopt, clwb, avx512_vbmi2, avx512_vbmi, hv, rdtscp, rdpid, fsrm, gfni, avx512_bitalg, f16c, cet_ibt, cet_ss, avx512_ifma

Memory: 4k page, system-wide physical 7975M (278M free)
TotalPageFile size 32551M (AvailPageFile size 4M)
current process WorkingSet (physical memory assigned to process): 426M, peak: 435M
current process commit charge ("private bytes"): 499M, peak: 513M

vm_info: Java HotSpot(TM) 64-Bit Server VM (20.0.2+9-78) for windows-amd64 JRE (20.0.2+9-78), built on 2023-06-14T10:08:48Z by "mach5one" with MS VC++ 17.1 (VS2022)

END.
